INFO:     127.0.0.1:55831 - "GET / HTTP/1.1" 200 OK
INFO:     127.0.0.1:55831 - "GET /api/models HTTP/1.1" 200 OK
INFO:     127.0.0.1:55831 - "GET /api/status HTTP/1.1" 200 OK
INFO:     127.0.0.1:57214 - "GET /cosmo_obu HTTP/1.1" 200 OK
INFO:     127.0.0.1:57214 - "GET /api/cosmo_obu/models HTTP/1.1" 200 OK
INFO:     127.0.0.1:57214 - "GET /api/cosmo_obu/status HTTP/1.1" 200 OK
INFO:     127.0.0.1:50972 - "GET /cosmo_obu HTTP/1.1" 200 OK
INFO:     127.0.0.1:50972 - "GET /api/cosmo_obu/models HTTP/1.1" 200 OK
INFO:     127.0.0.1:50972 - "GET /api/cosmo_obu/status HTTP/1.1" 200 OK
INFO:     127.0.0.1:65094 - "POST /api/cosmo_obu/run HTTP/1.1" 200 OK
配置已保存到文件: D:\PycharmProjects\pachislot\.venv\Lib\site-packages\DrissionPage\_configs\configs.ini
以后程序可自动从文件加载配置
cleaned:Empty DataFrame
Columns: [スタート, 出玉, 種別]
Index: []
日付:04/30 機種名:eFブルーロック 台番号:601 最小回転率:19.53 回転率:19.53 最大回転率:19.53 差玉:-4494 最小ボーダー差分:2.13 ボーダー差分:2.13 最大ボーダー差分:2.13 総回転数:351
cleaned:Empty DataFrame
Columns: [スタート, 出玉, 種別]
Index: []
日付:04/30 機種名:eFブルーロック 台番号:602 最小回転率:15.09 回転率:15.09 最大回転率:15.09 差玉:-464 最小ボーダー差分:-2.31 ボーダー差分:-2.31 最大ボーダー差分:-2.31 総回転数:28
cleaned:Empty DataFrame
Columns: [スタート, 出玉, 種別]
Index: []
日付:04/30 機種名:eFブルーロック 台番号:603 最小回転率:20.68 回転率:20.68 最大回転率:20.68 差玉:-2611 最小ボーダー差分:3.28 ボーダー差分:3.28 最大ボーダー差分:3.28 総回転数:216
cleaned:Empty DataFrame
Columns: [スタート, 出玉, 種別]
Index: []
日付:04/30 機種名:eFブルーロック 台番号:605 最小回転率:16.38 回転率:16.38 最大回転率:16.38 差玉:-1038 最小ボーダー差分:-1.02 ボーダー差分:-1.02 最大ボーダー差分:-1.02 総回転数:68
cleaned:Empty DataFrame
Columns: [スタート, 出玉, 種別]
Index: []
日付:04/30 機種名:eFブルーロック 台番号:606 最小回転率:14.32 回転率:14.32 最大回転率:14.32 差玉:-1222 最小ボーダー差分:-3.08 ボーダー差分:-3.08 最大ボーダー差分:-3.08 総回転数:70
cleaned:   スタート   出玉  種別
0    58  980  大当
1    68  970  大当
2    22  970  大当
116 58 206 2920 206
116 160 104 2920 104
116 246 18 2920 18
日付:04/30 機種名:eFブルーロック 台番号:607 最小回転率:4.78 回転率:13.14 最大回転率:20.15 差玉:-134 最小ボーダー差分:-12.62 ボーダー差分:-4.26 最大ボーダー差分:2.75 総回転数:263
cleaned:Empty DataFrame
Columns: [スタート, 出玉, 種別]
Index: []
日付:04/30 機種名:eFブルーロック 台番号:608 最小回転率:18.29 回転率:18.29 最大回転率:18.29 差玉:-1791 最小ボーダー差分:0.89 ボーダー差分:0.89 最大ボーダー差分:0.89 総回転数:131
cleaned:   スタート    出玉  種別
0    64   970  大当
1    41  4200  確変
2    31  2790  確変
3    43  2800  確変
4     7  1400  確変
0 64 122 12160 122
0 64 122 12160 122
0 151 35 12160 35
日付:04/30 機種名:eFブルーロック 台番号:610 最小回転率:4.14 回転率:4.14 最大回転率:9.75 差玉:8285 最小ボーダー差分:-13.26 ボーダー差分:-13.26 最大ボーダー差分:-7.65 総回転数:181
cleaned:Empty DataFrame
Columns: [スタート, 出玉, 種別]
Index: []
日付:04/30 機種名:eFブルーロック 台番号:611 最小回転率:20.55 回転率:20.55 最大回転率:20.55 差玉:-1314 最小ボーダー差分:3.15 ボーダー差分:3.15 最大ボーダー差分:3.15 総回転数:108
cleaned:   スタート    出玉  種別
0   289   270  大当
1    14   980  大当
2    20  2800  確変
3    26  1400  確変
49 289 109 5450 109
49 289 109 5450 109
49 364 34 5450 34
日付:04/30 機種名:eFブルーロック 台番号:612 最小回転率:12.64 回転率:12.64 最大回転率:15.90 差玉:-276 最小ボーダー差分:-4.76 ボーダー差分:-4.76 最大ボーダー差分:-1.50 総回転数:395
cleaned:    スタート    出玉  種別
0    171  1390  大当
1      2  1390  確変
2     32  1400  大当
3      2  1400  確変
4      1  1390  確変
5      1  1390  確変
6      1  1400  確変
7      1  1400  確変
8      1  1400  確変
9      1  1400  確変
10     1  1400  確変
11     1  1420  確変
12     1  1380  確変
13     1  1410  確変
14     1  1410  確変
614 819 13 20980 13
614 819 13 20980 13
614 819 13 20980 13
日付:04/30 機種名:e牙狼12黄金騎士極限 台番号:613 最小回転率:13.42 回転率:13.42 最大回転率:13.42 差玉:5724 最小ボーダー差分:-3.78 ボーダー差分:-3.78 最大ボーダー差分:-3.78 総回転数:830
cleaned:Empty DataFrame
Columns: [スタート, 出玉, 種別]
Index: []
日付:04/30 機種名:e牙狼12黄金騎士極限 台番号:615 最小回転率:19.95 回転率:19.95 最大回転率:19.95 差玉:-7983 最小ボーダー差分:2.75 ボーダー差分:2.75 最大ボーダー差分:2.75 総回転数:637
cleaned:   スタート    出玉  種別
0   463  1400  大当
169 632 0 1400 0
169 632 0 1400 0
169 632 0 1400 0
日付:04/30 機種名:e牙狼12黄金騎士極限 台番号:616 最小回転率:18.56 回転率:18.56 最大回転率:18.56 差玉:-7113 最小ボーダー差分:1.36 ボーダー差分:1.36 最大ボーダー差分:1.36 総回転数:632
cleaned:    スタート    出玉  種別
0      7   290  大当
1    268  1400  大当
2      1  1400  確変
3      1  1400  確変
4      1  1430  確変
5      1  1390  確変
6      1  1400  確変
7      1  1400  確変
8      1  1410  確変
9      1  1420  確変
10     1  1400  確変
11     1  1400  確変
12     1  1410  確変
13    80  1390  大当
14     1  1420  確変
15    10  1400  大当
16     1  1390  確変
17     1  1410  確変
18     1  1420  確変
19     1  1390  確変
20     1  1400  確変
21     1  1410  確変
22     1  1390  確変
23     1  1390  確変
24     1  1400  確変
25     1  1410  確変
26     1  1410  確変
27     1  1400  確変
28     1  1400  確変
29     1  1400  確変
30     1  1400  確変
31     1  1400  確変
32     1  1420  確変
33     1  1410  確変
34     1  1410  確変
35     1  1420  確変
36     1  1400  確変
37     1  1410  確変
38     1  1410  確変
39     1  1430  確変
40     1  1400  確変
114 479 37 56490 37
114 479 37 56490 37
114 479 37 56490 37
日付:04/30 機種名:e牙狼12黄金騎士極限 台番号:617 最小回転率:6.12 回転率:6.12 最大回転率:6.12 差玉:36904 最小ボーダー差分:-11.08 ボーダー差分:-11.08 最大ボーダー差分:-11.08 総回転数:516
cleaned:   スタート   出玉  種別
0    10  270  大当
501 511 0 270 0
501 511 0 270 0
501 511 0 270 0
日付:04/30 機種名:e牙狼12黄金騎士極限 台番号:618 最小回転率:19.27 回転率:19.27 最大回転率:19.27 差玉:-6360 最小ボーダー差分:2.07 ボーダー差分:2.07 最大ボーダー差分:2.07 総回転数:511
cleaned:Empty DataFrame
Columns: [スタート, 出玉, 種別]
Index: []
日付:04/30 機種名:e牙狼12黄金騎士極限 台番号:620 最小回転率:20.45 回転率:20.45 最大回転率:20.45 差玉:-7238 最小ボーダー差分:3.25 ボーダー差分:3.25 最大ボーダー差分:3.25 総回転数:592
cleaned:   スタート    出玉  種別
0   326  1400  大当
1     1  1390  確変
351 677 1 2790 1
351 677 1 2790 1
351 677 1 2790 1
日付:04/30 機種名:e牙狼12黄金騎士極限 台番号:621 最小回転率:17.69 回転率:17.69 最大回転率:17.69 差玉:-6778 最小ボーダー差分:0.49 ボーダー差分:0.49 最大ボーダー差分:0.49 総回転数:678
cleaned:Empty DataFrame
Columns: [スタート, 出玉, 種別]
Index: []
日付:04/30 機種名:e牙狼12黄金騎士極限 台番号:622 最小回転率:19.86 回転率:19.86 最大回転率:19.86 差玉:-4318 最小ボーダー差分:2.66 ボーダー差分:2.66 最大ボーダー差分:2.66 総回転数:343
cleaned:   スタート    出玉  種別
0   213  1410  大当
1     1  1420  確変
2    31  1400  大当
3     4  1450  確変
4     1  1420  確変
5     1  1400  確変
6     1  1440  確変
7     1  1400  確変
8     2  1420  確変
9   105  1410  大当
298 651 7 14170 7
298 651 7 14170 7
298 651 7 14170 7
日付:04/30 機種名:e牙狼12黄金騎士極限 台番号:623 最小回転率:13.68 回転率:13.68 最大回転率:13.68 差玉:2276 最小ボーダー差分:-3.52 ボーダー差分:-3.52 最大ボーダー差分:-3.52 総回転数:654
cleaned:   スタート   出玉  種別
0   200  280  大当
494 694 0 280 0
494 694 0 280 0
494 694 0 280 0
日付:04/30 機種名:e牙狼12黄金騎士極限 台番号:625 最小回転率:19.24 回転率:19.24 最大回転率:19.24 差玉:-8736 最小ボーダー差分:2.04 ボーダー差分:2.04 最大ボーダー差分:2.04 総回転数:694
cleaned:   スタート    出玉  種別
0   777  1390  大当
1   120  1400  大当
37 777 157 2790 157
37 824 110 2790 110
37 934 0 2790 0
日付:04/30 機種名:eFキン肉マン 台番号:626 最小回転率:15.54 回転率:16.48 最大回転率:18.66 差玉:-9724 最小ボーダー差分:-1.06 ボーダー差分:-0.12 最大ボーダー差分:2.06 総回転数:934
cleaned:Empty DataFrame
Columns: [スタート, 出玉, 種別]
Index: []
日付:04/30 機種名:eFキン肉マン 台番号:627 最小回転率:21.06 回転率:21.06 最大回転率:21.06 差玉:-10979 最小ボーダー差分:4.46 ボーダー差分:4.46 最大ボーダー差分:4.46 総回転数:925
cleaned:   スタート    出玉  種別
0   487  1400  大当
1    57  2810  確変
2    29  1410  確変
3    20  2800  確変
4    43  4190  確変
5   334  1410  大当
6    40  1390  大当
7    32  2800  確変
8   199  1390  大当
109 730 620 19600 620
109 766 584 19600 584
109 968 382 19600 382
日付:04/30 機種名:eFキン肉マン 台番号:628 最小回転率:11.76 回転率:12.34 最大回転率:15.57 差玉:4017 最小ボーダー差分:-4.84 ボーダー差分:-4.26 最大ボーダー差分:-1.03 総回転数:1339
cleaned:   スタート    出玉  種別
0   299   280  大当
1    59  1400  大当
2   106  1380  大当
3    57  1400  大当
4   116  4190  確変
5   340  1400  大当
6    16  5590  確変
193 542 644 15640 644
193 618 568 15640 568
193 896 290 15640 290
日付:04/30 機種名:eFキン肉マン 台番号:630 最小回転率:10.51 回転率:11.98 最大回転率:17.33 差玉:2686 最小ボーダー差分:-6.09 ボーダー差分:-4.62 最大ボーダー差分:0.73 総回転数:1179
cleaned:   スタート    出玉  種別
0    60  1400  大当
1     4  1390  確変
2    57  1390  確変
3   109  1400  確変
4   121  2800  確変
5    27  1400  確変
6   954  1400  大当
7   202  1400  大当
8    30  2810  確変
0 926 638 15390 638
0 998 566 15390 566
0 1105 459 15390 459
日付:04/30 機種名:eFキン肉マン 台番号:631 最小回転率:15.93 回転率:17.16 最大回転率:18.99 差玉:795 最小ボーダー差分:-0.67 ボーダー差分:0.56 最大ボーダー差分:2.39 総回転数:1557
cleaned:   スタート    出玉  種別
0    88  1390  大当
1   138  1390  確変
2     8  2800  確変
3    18  2800  確変
4   112  2810  確変
5   504  1390  大当
282 584 566 12580 566
282 721 429 12580 429
282 867 283 12580 283
日付:04/30 機種名:eFキン肉マン 台番号:632 最小回転率:11.74 回転率:14.47 最大回転率:17.38 差玉:84 最小ボーダー差分:-4.86 ボーダー差分:-2.13 最大ボーダー差分:0.78 総回転数:1146
cleaned:   スタート    出玉  種別
0   258  1410  大当
1     6  1400  大当
2   126  1380  大当
3   211  1390  大当
4    31  1400  大当
467 646 453 6980 453
467 843 256 6980 256
467 1099 0 6980 0
日付:04/30 機種名:eFキン肉マン 台番号:633 最小回転率:12.66 回転率:16.49 最大回転率:21.46 差玉:-5824 最小ボーダー差分:-3.94 ボーダー差分:-0.11 最大ボーダー差分:4.86 総回転数:1099
cleaned:Empty DataFrame
Columns: [スタート, 出玉, 種別]
Index: []
日付:04/30 機種名:eFキン肉マン 台番号:635 最小回転率:20.07 回転率:20.07 最大回転率:20.07 差玉:-13640 最小ボーダー差分:3.47 ボーダー差分:3.47 最大ボーダー差分:3.47 総回転数:1095
cleaned:   スタート    出玉  種別
0   222  1400  大当
1   399  1390  大当
2   205  1400  大当
3     8  1410  確変
4    53  2810  確変
278 669 496 8410 496
278 813 352 8410 352
278 967 198 8410 198
日付:04/30 機種名:eFキン肉マン 台番号:636 最小回転率:12.74 回転率:15.46 最大回転率:18.37 差玉:-4770 最小ボーダー差分:-3.86 ボーダー差分:-1.14 最大ボーダー差分:1.77 総回転数:1163
cleaned:   スタート    出玉  種別
0   271   270  大当
1    62  1390  大当
2    61  1400  大当
3   101  1390  大当
494 620 369 4450 369
494 720 269 4450 269
494 989 0 4450 0
日付:04/30 機種名:eFキン肉マン 台番号:637 最小回転率:11.74 回転率:13.63 最大回転率:18.68 差玉:-8787 最小ボーダー差分:-4.86 ボーダー差分:-2.97 最大ボーダー差分:2.08 総回転数:989
cleaned:   スタート    出玉  種別
0    53  1390  大当
1   536  1390  大当
2    98  1400  確変
3   244  2790  確変
4     4  2790  確変
5    42  4190  確変
6   132  4200  確変
7   200  1390  大当
269 722 856 19540 856
269 891 687 19540 687
269 1110 468 19540 468
日付:04/30 機種名:eFキン肉マン 台番号:638 最小回転率:11.18 回転率:13.78 最大回転率:17.14 差玉:3305 最小ボーダー差分:-5.42 ボーダー差分:-2.82 最大ボーダー差分:0.54 総回転数:1568
cleaned:   スタート    出玉  種別
0   405  1400  大当
1   496  1410  大当
2   321  1380  大当
0 932 290 4190 290
0 1076 146 4190 146
0 1222 0 4190 0
日付:04/30 機種名:eFキン肉マン 台番号:650 最小回転率:17.68 回転率:20.38 最大回転率:23.12 差玉:-9021 最小ボーダー差分:1.08 ボーダー差分:3.78 最大ボーダー差分:6.52 総回転数:1222
cleaned:   スタート    出玉  種別
0   462  1400  大当
1   202  1410  大当
2    46  5600  確変
3    49  4200  確変
4    26  2780  確変
5    69  4180  確変
6   267   260  大当
169 665 625 19830 625
169 809 481 19830 481
169 1001 289 19830 289
日付:04/30 機種名:eFキン肉マン 台番号:651 最小回転率:10.20 回転率:12.40 最大回転率:15.33 差玉:3473 最小ボーダー差分:-6.40 ボーダー差分:-4.20 最大ボーダー差分:-1.27 総回転数:1277
cleaned:   スタート    出玉  種別
0    52  1390  大当
1   113  2820  確変
2   146  1400  確変
3   418  1400  大当
4    31  1390  確変
308 489 579 8400 579
308 529 539 8400 539
308 633 435 8400 435
日付:04/30 機種名:eFキン肉マン 台番号:652 最小回転率:16.83 回転率:18.20 最大回転率:21.75 差玉:1079 最小ボーダー差分:0.23 ボーダー差分:1.60 最大ボーダー差分:5.15 総回転数:1065
cleaned:   スタート    出玉  種別
0    76  1390  大当
1    48  2790  確変
2   497   280  大当
3   568  1390  大当
136 851 474 5850 474
136 986 339 5850 339
136 1180 145 5850 145
日付:04/30 機種名:eFキン肉マン 台番号:653 最小回転率:15.96 回転率:18.47 最大回転率:22.07 差玉:-7531 最小ボーダー差分:-0.64 ボーダー差分:1.87 最大ボーダー差分:5.47 総回転数:1323
cleaned:   スタート    出玉  種別
0   146  1400  大当
1   533  1400  大当
2    15  4190  確変
3    52  4210  確変
4   147  2800  確変
449 840 502 14000 502
449 912 430 14000 430
449 1000 342 14000 342
日付:04/30 機種名:eFキン肉マン 台番号:655 最小回転率:13.66 回転率:14.82 最大回転率:16.25 差玉:-1423 最小ボーダー差分:-2.94 ボーダー差分:-1.78 最大ボーダー差分:-0.35 総回転数:1338
cleaned:    スタート    出玉  種別
0    170  1400  大当
1     30  4190  確変
2      4  1400  確変
3    421  1400  大当
4     76  4200  確変
5      7  1400  確変
6      2  4200  確変
7     32  2810  確変
8     34  4190  確変
9     63  2800  確変
10    30  2790  確変
11    10  1390  確変
12     9  2790  確変
13   122  1400  確変
14    26  4200  確変
15   140  2810  確変
16    42  1410  確変
17   345  1400  大当
18     1  1400  大当
19    84  1400  確変
20    72  1390  確変
21   118  2810  確変
22   113  2800  確変
23     7  4190  確変
0 646 1312 60170 1312
0 660 1298 60170 1298
0 837 1121 60170 1121
日付:04/30 機種名:eFキン肉マン 台番号:656 最小回転率:7.30 回転率:7.46 最大回転率:9.45 差玉:37908 最小ボーダー差分:-9.30 ボーダー差分:-9.14 最大ボーダー差分:-7.15 総回転数:1937
cleaned:   スタート    出玉  種別
0     4  1390  大当
1    39  4200  確変
2   802  1400  大当
3    18  1390  大当
57 661 259 8380 259
57 661 259 8380 259
57 775 145 8380 145
日付:04/30 機種名:eFキン肉マン 台番号:657 最小回転率:16.14 回転率:16.14 最大回転率:18.91 差玉:-1883 最小ボーダー差分:-0.46 ボーダー差分:-0.46 最大ボーダー差分:2.31 総回転数:913
cleaned:   スタート    出玉  種別
0   542  1400  大当
1   122  1400  大当
2   545  1400  大当
13 942 280 4200 280
13 1063 159 4200 159
13 1222 0 4200 0
日付:04/30 機種名:eFキン肉マン 台番号:658 最小回転率:16.65 回転率:18.77 最大回転率:21.55 差玉:-9975 最小ボーダー差分:0.05 ボーダー差分:2.17 最大ボーダー差分:4.95 総回転数:1219
cleaned:   スタート    出玉  種別
0   355  1390  大当
1   474  1400  大当
2    15  1390  大当
3   115  1400  確変
4    60  1410  確変
41 684 376 6990 376
41 798 262 6990 262
41 959 101 6990 101
日付:04/30 機種名:eFキン肉マン 台番号:660 最小回転率:14.34 回転率:16.72 最大回転率:20.06 差玉:-4971 最小ボーダー差分:-2.26 ボーダー差分:0.12 最大ボーダー差分:3.46 総回転数:1058
cleaned:   スタート   出玉  種別
0    82  410  大当
1   771  420  大当
2   429  420  大当
55 1082 255 1250 255
55 1142 195 1250 195
55 1337 0 1250 0
日付:04/30 機種名:e 魔法少女まどか☆マギカ3 時間遡行～始まりの願い～ 台番号:673 最小回転率:21.35 回転率:22.52 最大回転率:26.32 差玉:-11448 最小ボーダー差分:1.15 ボーダー差分:2.32 最大ボーダー差分:6.12 総回転数:1336
cleaned:   スタート   出玉  種別
0   365  400  大当
1   142  410  大当
2   151  400  大当
3   394  410  大当
4    86  420  大当
5    94  690  確変
6     2  690  確変
260 882 612 3420 612
260 1012 482 3420 482
260 1362 132 3420 132
日付:04/30 機種名:e 魔法少女まどか☆マギカ3 時間遡行～始まりの願い～ 台番号:676 最小回転率:20.15 回転率:23.10 最大回転率:30.99 差玉:-7582 最小ボーダー差分:-0.05 ボーダー差分:2.90 最大ボーダー差分:10.79 総回転数:1489
cleaned:    スタート   出玉  種別
0    286  410  大当
1    348  420  大当
2     96  700  確変
3      2  700  確変
4     45  710  確変
5      2  710  確変
6      2  710  確変
7      2  700  確変
8     26  690  確変
9      2  690  確変
10     2  690  確変
11     2  710  確変
12    99  710  確変
13     2  710  確変
14     2  700  確変
15     2  700  確変
16    34  690  確変
17     2  700  確変
18     2  710  確変
19     2  700  確変
130 534 556 13460 556
130 590 500 13460 500
130 730 360 13460 360
日付:04/30 機種名:e 魔法少女まどか☆マギカ3 時間遡行～始まりの願い～ 台番号:677 最小回転率:15.02 回転率:16.59 最大回転率:20.49 差玉:4519 最小ボーダー差分:-5.18 ボーダー差分:-3.61 最大ボーダー差分:0.29 総回転数:1073
cleaned:   スタート   出玉  種別
0   203  410  大当
1    69  420  大当
216 319 169 830 169
216 349 139 830 139
216 488 0 830 0
日付:04/30 機種名:e 魔法少女まどか☆マギカ3 時間遡行～始まりの願い～ 台番号:678 最小回転率:15.39 回転率:16.83 最大回転率:23.47 差玉:-4368 最小ボーダー差分:-4.81 ボーダー差分:-3.37 最大ボーダー差分:3.27 総回転数:488
cleaned:    スタート   出玉  種別
0    428  420  大当
1    168  410  大当
2     59  700  確変
3      2  710  確変
4     25  700  確変
5     97  700  確変
6      2  700  確変
7      2  700  確変
8      2  690  確変
9     14  700  確変
10     2  720  確変
11     2  710  確変
12     2  700  確変
13    44  700  確変
14    91  690  確変
15     2  690  確変
16     2  700  確変
17     2  710  確変
235 601 580 12050 580
235 631 550 12050 550
235 760 421 12050 421
日付:04/30 機種名:e 魔法少女まどか☆マギカ3 時間遡行～始まりの願い～ 台番号:680 最小回転率:16.92 回転率:17.76 最大回転率:21.36 差玉:3113 最小ボーダー差分:-3.28 ボーダー差分:-2.44 最大ボーダー差分:1.16 総回転数:1169
cleaned:    スタート   出玉  種別
0    108  410  大当
1     95  700  確変
2      2  700  確変
3     36  710  確変
4      8  700  確変
5      2  700  確変
6      2  700  確変
7      2  700  確変
8     24  700  確変
9      2  700  確変
10     2  700  確変
11     2  710  確変
12   130  700  確変
13   132  420  大当
613 623 537 9250 537
613 678 482 9250 482
613 818 342 9250 342
日付:04/30 機種名:e 魔法少女まどか☆マギカ3 時間遡行～始まりの願い～ 台番号:681 最小回転率:18.63 回転率:20.26 最大回転率:24.41 差玉:837 最小ボーダー差分:-1.57 ボーダー差分:0.06 最大ボーダー差分:4.21 総回転数:1146
cleaned:   スタート   出玉  種別
0    77  430  大当
1   230  420  大当
499 606 200 850 200
499 666 140 850 140
499 806 0 850 0
日付:04/30 機種名:e 魔法少女まどか☆マギカ3 時間遡行～始まりの願い～ 台番号:682 最小回転率:23.12 回転率:25.38 最大回転率:30.65 差玉:-5724 最小ボーダー差分:2.92 ボーダー差分:5.18 最大ボーダー差分:10.45 総回転数:806
cleaned:   スタート   出玉  種別
0   322  420  大当
1   290  410  大当
2     8  690  確変
3     2  710  確変
130 512 240 2230 240
130 542 210 2230 210
130 620 132 2230 132
日付:04/30 機種名:e 魔法少女まどか☆マギカ3 時間遡行～始まりの願い～ 台番号:683 最小回転率:22.51 回転率:23.81 最大回転率:27.20 差玉:-3481 最小ボーダー差分:2.31 ボーダー差分:3.61 最大ボーダー差分:7.00 総回転数:751
cleaned:   スタート   出玉  種別
0   181  420  大当
1   785  420  大当
165 931 200 840 200
165 991 140 840 140
165 1131 0 840 0
日付:04/30 機種名:e 魔法少女まどか☆マギカ3 時間遡行～始まりの願い～ 台番号:685 最小回転率:20.80 回転率:22.13 最大回転率:25.23 差玉:-10368 最小ボーダー差分:0.60 ボーダー差分:1.93 最大ボーダー差分:5.03 総回転数:1131
cleaned:   スタート   出玉  種別
0   222  420  大当
1   167  430  大当
2   448  420  大当
3   205  410  大当
214 856 400 1680 400
214 976 280 1680 280
214 1256 0 1680 0
日付:04/30 機種名:e 魔法少女まどか☆マギカ3 時間遡行～始まりの願い～ 台番号:686 最小回転率:19.43 回転率:22.13 最大回転率:28.41 差玉:-9372 最小ボーダー差分:-0.77 ボーダー差分:1.93 最大ボーダー差分:8.21 総回転数:1256
cleaned:   スタート   出玉  種別
0   211  430  大当
1   119  400  大当
2   198  420  大当
0 328 200 1250 200
0 388 140 1250 140
0 528 0 1250 0
日付:04/30 機種名:e 魔法少女まどか☆マギカ3 時間遡行～始まりの願い～ 台番号:687 最小回転率:17.19 回転率:20.31 最大回転率:27.56 差玉:-3540 最小ボーダー差分:-3.01 ボーダー差分:0.11 最大ボーダー差分:7.36 総回転数:528
cleaned:    スタート   出玉  種別
0    790  410  大当
1     12  710  確変
2      2  700  確変
3     60  700  確変
4      2  710  確変
5      2  720  確変
6      2  710  確変
7    129  700  確変
8      2  700  確変
9      2  710  確変
10     2  700  確変
11   113  700  確変
12     2  710  確変
13     2  700  確変
14     2  700  確変
15    98  710  確変
16     2  700  確変
17     2  720  確変
18     2  700  確変
19    38  700  確変
20     2  700  確変
21     2  700  確変
22     2  710  確変
23    66  700  確変
24     2  700  確変
25     2  710  確変
26     2  720  確変
27    11  690  確変
28    60  700  確変
29     2  700  確変
30     2  700  確変
31     2  700  確変
32   113  710  確変
33     2  710  確変
34     2  710  確変
35     2  700  確変
0 790 750 25070 750
0 790 750 25070 750
0 802 738 25070 738
日付:04/30 機種名:e 魔法少女まどか☆マギカ3 時間遡行～始まりの願い～ 台番号:688 最小回転率:13.40 回転率:13.40 最大回転率:13.60 差玉:10251 最小ボーダー差分:-6.80 ボーダー差分:-6.80 最大ボーダー差分:-6.60 総回転数:1502
cleaned:   スタート   出玉  種別
0   392  420  大当
1   281  410  大当
314 787 200 830 200
314 847 140 830 140
314 987 0 830 0
日付:04/30 機種名:e 魔法少女まどか☆マギカ3 時間遡行～始まりの願い～ 台番号:700 最小回転率:18.99 回転率:20.43 最大回転率:23.78 差玉:-9548 最小ボーダー差分:-1.21 ボーダー差分:0.23 最大ボーダー差分:3.58 総回転数:987
cleaned:   スタート   出玉  種別
0   214  420  大当
1   416  420  大当
379 809 200 840 200
379 869 140 840 140
379 1009 0 840 0
日付:04/30 機種名:e 魔法少女まどか☆マギカ3 時間遡行～始まりの願い～ 台番号:701 最小回転率:22.21 回転率:23.84 最大回転率:27.64 差玉:-8285 最小ボーダー差分:2.01 ボーダー差分:3.64 最大ボーダー差分:7.44 総回転数:1007
cleaned:   スタート   出玉  種別
0   149  400  大当
1   388  420  大当
279 616 200 820 200
279 676 140 820 140
279 816 0 820 0
日付:04/30 機種名:e 魔法少女まどか☆マギカ3 時間遡行～始まりの願い～ 台番号:702 最小回転率:18.49 回転率:20.27 最大回転率:24.43 差玉:-7531 最小ボーダー差分:-1.71 ボーダー差分:0.07 最大ボーダー差分:4.23 総回転数:816
cleaned:   スタート   出玉  種別
0   385  420  大当
1    87  410  大当
153 438 187 830 187
153 485 140 830 140
153 625 0 830 0
日付:04/30 機種名:e 魔法少女まどか☆マギカ3 時間遡行～始まりの願い～ 台番号:703 最小回転率:16.84 回転率:18.64 最大回転率:23.96 差玉:-5690 最小ボーダー差分:-3.36 ボーダー差分:-1.56 最大ボーダー差分:3.76 総回転数:625
cleaned:     スタート   出玉  種別
0      79  410  大当
1      56  700  確変
2       2  700  確変
3      12  700  確変
4       2  710  確変
..    ...  ...  ..
114    27  710  確変
115    42  700  確変
116     2  720  確変
117     2  690  確変
118     2  690  確変

[119 rows x 3 columns]
128 596 2151 82910 2151
128 596 2151 82910 2151
128 687 2060 82910 2060
日付:04/30 機種名:e 魔法少女まどか☆マギカ3 時間遡行～始まりの願い～ 台番号:705 最小回転率:5.70 回転率:5.70 最大回転率:6.57 差玉:56569 最小ボーダー差分:-14.50 ボーダー差分:-14.50 最大ボーダー差分:-13.63 総回転数:2625
cleaned:    スタート    出玉  種別
0     20   420  大当
1     60   700  確変
2      2   700  確変
3     79   710  確変
4     98   700  確変
5      2   690  確変
6      2   700  確変
7      2   710  確変
8     57   700  確変
9      2   700  確変
10     2   710  確変
11     2   700  確変
12   145  1410  大当
13   132   720  確変
14     2   700  確変
15     2   710  確変
16     2   730  確変
17     7   700  確変
18     2   710  確変
19     2   700  確変
20     2   700  確変
235 142 717 15220 717
235 142 717 15220 717
235 202 657 15220 657
日付:04/30 機種名:e 魔法少女まどか☆マギカ3 時間遡行～始まりの願い～ 台番号:706 最小回転率:6.69 回転率:6.69 最大回転率:9.50 差玉:9841 最小ボーダー差分:-13.51 ボーダー差分:-13.51 最大ボーダー差分:-10.70 総回転数:838
cleaned:   スタート   出玉  種別
0   268  410  大当
1    85  410  大当
2    71  430  大当
3   357  420  大当
4    73  710  確変
5     2  710  確変
0 525 331 3090 331
0 574 282 3090 282
0 854 2 3090 2
日付:04/30 機種名:e 魔法少女まどか☆マギカ3 時間遡行～始まりの願い～ 台番号:707 最小回転率:18.04 回転率:19.71 最大回転率:29.22 差玉:-4218 最小ボーダー差分:-2.16 ボーダー差分:-0.49 最大ボーダー差分:9.02 総回転数:854
cleaned:   スタート    出玉  種別
0  1061   280  大当
1    23  2800  確変
2    38  2810  確変
3    61  1380  確変
4     5  4200  確変
5    70  4200  確変
6     4  4190  確変
7    35  2810  確変
8    49  2790  確変
9    31  4200  確変
186 1147 416 29660 416
186 1147 416 29660 416
186 1170 393 29660 393
日付:04/30 機種名:e女神のカフェテラス 台番号:733 最小回転率:19.04 回転率:19.04 最大回転率:19.42 差玉:14561 最小ボーダー差分:-8.36 ボーダー差分:-8.36 最大ボーダー差分:-7.98 総回転数:1563
cleaned:   スタート    出玉  種別
0   203   270  大当
1   565   270  大当
2    44   270  大当
3   232   280  大当
4    59  1400  確変
574 1274 403 2490 403
574 1417 260 2490 260
574 1577 100 2490 100
日付:04/30 機種名:e女神のカフェテラス 台番号:735 最小回転率:26.55 回転率:29.49 最大回転率:32.78 差玉:-9548 最小ボーダー差分:-0.85 ボーダー差分:2.09 最大ボーダー差分:5.38 総回転数:1676
cleaned:   スタート   出玉  種別
0  1666  280  大当
119 1685 100 280 100
119 1745 40 280 40
119 1785 0 280 0
日付:04/30 機種名:e女神のカフェテラス 台番号:736 最小回転率:31.68 回転率:32.79 最大回転率:33.53 差玉:-13029 最小ボーダー差分:4.28 ボーダー差分:5.39 最大ボーダー差分:6.13 総回転数:1785
cleaned:    スタート    出玉  種別
0    169   280  大当
1      4  4200  確変
2     28  2800  確変
3     72  4210  確変
4     76  2800  確変
5     70  2800  確変
6    186   280  大当
7     75  2820  確変
8     76  2800  確変
9     41  2800  確変
10    41  2810  確変
11   237   280  大当
12    58  2800  確変
13   183   290  大当
14   224   270  大当
15    54   280  大当
190 689 1095 32520 1095
190 876 908 32520 908
190 1080 704 32520 704
日付:04/30 機種名:e女神のカフェテラス 台番号:737 最小回転率:12.02 回転率:15.26 最大回転率:18.78 差玉:18075 最小ボーダー差分:-15.38 ボーダー差分:-12.14 最大ボーダー差分:-8.62 総回転数:1784
cleaned:   スタート    出玉  種別
0   173   280  大当
1    14  4200  確変
2    34  2790  確変
3    52  2800  確変
4   248   280  大当
5   910   260  大当
0 1131 300 10610 300
0 1191 240 10610 240
0 1245 186 10610 186
日付:04/30 機種名:e女神のカフェテラス 台番号:738 最小回転率:25.04 回転率:26.36 最大回転率:27.54 差玉:-711 最小ボーダー差分:-2.36 ボーダー差分:-1.04 最大ボーダー差分:0.14 総回転数:1431
cleaned:   スタート    出玉  種別
0   906   270  大当
1    11   260  大当
2   196   280  大当
3    47   280  大当
4   129   270  大当
5   362   280  大当
6   107   280  大当
7    10  2800  確変
8    72  2820  確変
9    32  1400  確変
81 1300 653 8940 653
81 1547 406 8940 406
81 1768 185 8940 185
日付:04/30 機種名:e女神のカフェテラス 台番号:750 最小回転率:21.06 回転率:25.02 最大回転率:28.55 差玉:-6561 最小ボーダー差分:-6.34 ボーダー差分:-2.38 最大ボーダー差分:1.15 総回転数:1950
cleaned:    スタート    出玉  種別
0   1052   270  大当
1      6  1410  確変
2     91  2800  確変
3     10  2810  確変
4     19  1400  確変
5     11  2800  確変
6     53  4200  確変
7     48  4190  確変
8     12  4220  確変
9      1  4210  確変
10     4  1400  確変
11     6  2800  確変
233 1185 361 32510 361
233 1185 361 32510 361
233 1191 355 32510 355
日付:04/30 機種名:e女神のカフェテラス 台番号:751 最小回転率:18.06 回転率:18.06 最大回転率:18.15 差玉:16067 最小ボーダー差分:-9.34 ボーダー差分:-9.34 最大ボーダー差分:-9.25 総回転数:1546
cleaned:   スタート    出玉  種別
0   827   280  大当
1    87  1410  確変
2    14  1410  確変
3    29  1400  確変
4    45  2800  確変
5    23  4210  確変
6    11  2810  確変
7    34  1410  確変
350 1077 343 15730 343
350 1124 296 15730 296
350 1164 256 15730 256
日付:04/30 機種名:e女神のカフェテラス 台番号:752 最小回転率:22.86 回転率:23.85 最大回転率:24.69 差玉:3916 最小ボーダー差分:-4.54 ボーダー差分:-3.55 最大ボーダー差分:-2.71 総回転数:1420
cleaned:   スタート   出玉  種別
0   157  280  大当
1  1110  280  大当
191 1258 200 560 200
191 1378 80 560 80
191 1458 0 560 0
日付:04/30 機種名:e女神のカフェテラス 台番号:753 最小回転率:28.29 回転率:30.96 最大回転率:32.73 差玉:-10577 最小ボーダー差分:0.89 ボーダー差分:3.56 最大ボーダー差分:5.33 総回転数:1457
cleaned:   スタート    出玉  種別
0   267   280  大当
1   282   280  大当
2    58   270  大当
3   387   280  大当
4    86   260  大当
5    46  1410  確変
6    14  1400  確変
7    17  2800  確変
64 736 485 6980 485
64 926 295 6980 295
64 1126 95 6980 95
日付:04/30 機種名:e女神のカフェテラス 台番号:755 最小回転率:21.64 回転率:27.16 最大回転率:32.95 差玉:-1573 最小ボーダー差分:-5.76 ボーダー差分:-0.24 最大ボーダー差分:5.55 総回転数:1218
cleaned:   スタート   出玉  種別
0   361  270  大当
1   637  270  大当
563 1361 200 540 200
563 1481 80 540 80
563 1561 0 540 0
日付:04/30 機種名:e女神のカフェテラス 台番号:756 最小回転率:33.41 回転率:36.31 最大回転率:38.24 差玉:-9665 最小ボーダー差分:6.01 ボーダー差分:8.91 最大ボーダー差分:10.84 総回転数:1561
cleaned:    スタート    出玉  種別
0     14   290  大当
1      4   270  大当
2    608   280  大当
3      9  2800  確変
4    264   290  大当
5     98  2800  確変
6    104   280  大当
7     28  1410  確変
8    134   270  大当
9    223   270  大当
10    87   280  大当
11    45   280  大当
12   206   260  大当
43 953 914 9780 914
43 1246 621 9780 621
43 1567 300 9780 300
日付:04/30 機種名:e女神のカフェテラス 台番号:757 最小回転率:18.11 回転率:23.63 最大回転率:29.65 差玉:-3464 最小ボーダー差分:-9.29 ボーダー差分:-3.77 最大ボーダー差分:2.25 総回転数:1865
cleaned:    スタート    出玉  種別
0     21   270  大当
1     15  4190  確変
2     58  2800  確変
3     76  2820  確変
4     13  2800  確変
5     93  1300  確変
6     97   270  大当
7     93  1400  確変
8     50  4200  確変
9     64  2810  確変
10    36  2800  確変
11    30  2810  確変
12   159   280  大当
13    32  2800  確変
14    47  2800  確変
15    22  2800  確変
16    53  4210  確変
17   728   280  大当
100 708 1079 41640 1079
100 821 966 41640 966
100 948 839 41640 839
日付:04/30 機種名:e女神のカフェテラス 台番号:758 最小回転率:11.23 回転率:13.02 最大回転率:15.02 差玉:25774 最小ボーダー差分:-16.17 ボーダー差分:-14.38 最大ボーダー差分:-12.38 総回転数:1787
cleaned:   スタート    出玉  種別
0   248   290  大当
1   291   280  大当
2  1131   270  大当
3    54  2800  確変
54 1470 308 3640 308
54 1604 174 3640 174
54 1724 54 3640 54
日付:04/30 機種名:e女神のカフェテラス 台番号:760 最小回転率:24.19 回転率:26.37 最大回転率:28.32 差玉:-11582 最小ボーダー差分:-3.21 ボーダー差分:-1.03 最大ボーダー差分:0.92 総回転数:1724
cleaned:   スタート    出玉  種別
0   115   260  大当
1    21   270  大当
2   247   270  大当
3     4  1400  確変
4    17  2800  確変
5    81  2820  確変
6   471   280  大当
7   111   280  大当
8   681   270  大当
31 1225 554 8650 554
31 1405 374 8650 374
31 1581 198 8650 198
日付:04/30 機種名:e女神のカフェテラス 台番号:761 最小回転率:23.81 回転率:27.27 最大回転率:30.64 差玉:-4268 最小ボーダー差分:-3.59 ボーダー差分:-0.13 最大ボーダー差分:3.24 総回転数:1778
cleaned:   スタート   出玉  種別
0   500  260  大当
1   465  280  大当
2   189  270  大当
3   234  280  大当
4   208  270  大当
562 1658 500 1360 500
562 1958 200 1360 200
562 2158 0 1360 0
日付:04/30 機種名:e女神のカフェテラス 台番号:762 最小回転率:28.31 回転率:33.37 最大回転率:36.72 差玉:-13331 最小ボーダー差分:0.91 ボーダー差分:5.97 最大ボーダー差分:9.32 総回転数:2157
cleaned:   スタート   出玉  種別
0   942  280  大当
1   229  280  大当
344 1315 200 560 200
344 1435 80 560 80
344 1515 0 560 0
日付:04/30 機種名:e女神のカフェテラス 台番号:763 最小回転率:29.57 回転率:32.24 最大回転率:34.01 差玉:-10577 最小ボーダー差分:2.17 ボーダー差分:4.84 最大ボーダー差分:6.61 総回転数:1514
cleaned:   スタート    出玉  種別
0   545   280  大当
1    11  2810  確変
2    64  1400  確変
3   266   270  大当
4   369   270  大当
5   211   270  大当
6   112   280  大当
7    77  2800  確変
8    12  2800  確変
103 1106 664 11180 664
103 1323 447 11180 447
103 1494 276 11180 276
日付:04/30 機種名:e女神のカフェテラス 台番号:765 最小回転率:20.94 回転率:25.01 最大回転率:28.20 差玉:-2092 最小ボーダー差分:-6.46 ボーダー差分:-2.39 最大ボーダー差分:0.80 総回転数:1769
cleaned:   スタート    出玉  種別
0   455   270  大当
1    11  2790  確変
1184 1539 111 3060 111
1184 1539 111 3060 111
1184 1550 100 3060 100
日付:04/30 機種名:e女神のカフェテラス 台番号:766 最小回転率:33.80 回転率:33.80 最大回転率:34.04 差玉:-8335 最小ボーダー差分:6.40 ボーダー差分:6.40 最大ボーダー差分:6.64 総回転数:1649
cleaned:    スタート    出玉  種別
0    228   280  大当
1    267   280  大当
2     36  2800  確変
3    436   280  大当
4    369   270  大当
5    112   270  大当
6     17  1410  確変
7     22  2800  確変
8     20  2810  確変
9    164   270  大当
10   120   270  大当
120 1116 795 11740 795
120 1416 495 11740 495
120 1669 242 11740 242
日付:04/30 機種名:e女神のカフェテラス 台番号:767 最小回転率:20.72 回転率:26.23 最大回転率:30.85 差玉:-1808 最小ボーダー差分:-6.68 ボーダー差分:-1.17 最大ボーダー差分:3.45 総回転数:1790
cleaned:    スタート    出玉  種別
0     45   280  大当
1    170   260  大当
2    278   290  大当
3     11   280  大当
4    117   280  確変
5      2  1400  確変
6      1   290  確変
7      1   280  確変
8      1   270  確変
9      1   290  確変
10     1   270  確変
11     1   580  確変
12     2   270  確変
13     1   300  確変
14    80  1400  確変
15     1   290  確変
16     1   280  確変
17     1   280  確変
18     1   270  確変
19     1   290  確変
20     1   270  確変
21     1   270  確変
22     1   280  確変
23     1   290  確変
24     1   270  確変
25     1   290  確変
26     1   290  確変
27     1   270  確変
28     1   280  確変
29     1   290  確変
30     1   280  確変
31     1   270  確変
32     1   290  確変
33     1   280  確変
34     1   290  確変
35     1   580  確変
36     2   270  確変
37     1   580  確変
38     2   280  確変
39     1   280  確変
40     1   280  確変
41     1   280  確変
42     1   280  確変
43     1   280  確変
44     1   290  確変
45     1   270  確変
46     1   290  確変
47     1   290  確変
48     1   280  確変
49     1   290  確変
50     1   290  確変
51     1   270  確変
52     1   290  確変
53     1   280  確変
54     1   290  確変
55     1   270  確変
56     1   280  確変
57     1   280  確変
58    20   700  確変
128 261 644 20130 644
128 438 467 20130 467
128 629 276 20130 276
日付:04/30 機種名:P Re:ゼロから始める異世界生活 season2 129ver. 台番号:816 最小回転率:6.57 回転率:11.01 最大回転率:15.77 差玉:10134 最小ボーダー差分:-9.53 ボーダー差分:-5.09 最大ボーダー差分:-0.33 総回転数:831
cleaned:   スタート   出玉  種別
0   202  280  大当
153 235 120 280 120
153 295 60 280 60
153 355 0 280 0
日付:04/30 機種名:P Re:ゼロから始める異世界生活 season2 129ver. 台番号:817 最小回転率:11.62 回転率:14.57 最大回転率:17.52 差玉:-4787 最小ボーダー差分:-4.48 ボーダー差分:-1.53 最大ボーダー差分:1.42 総回転数:355
cleaned:   スタート   出玉  種別
0   245  270  大当
1   124  280  大当
2    22  270  大当
32 249 174 820 174
32 309 114 820 114
32 423 0 820 0
日付:04/30 機種名:P Re:ゼロから始める異世界生活 season2 129ver. 台番号:818 最小回転率:13.93 回転率:17.27 最大回転率:23.58 差玉:-3665 最小ボーダー差分:-2.17 ボーダー差分:1.17 最大ボーダー差分:7.48 総回転数:419
cleaned:   スタート   出玉  種別
0    27  280  大当
125 32 120 280 120
125 92 60 280 60
125 152 0 280 0
日付:04/30 機種名:P Re:ゼロから始める異世界生活 season2 129ver. 台番号:820 最小回転率:3.54 回転率:10.15 最大回転率:16.73 差玉:-1992 最小ボーダー差分:-12.56 ボーダー差分:-5.95 最大ボーダー差分:0.63 総回転数:152
cleaned:   スタート    出玉  種別
0    29   270  大当
1   245   280  大当
2    74   700  確変
3    22   690  確変
4    19  1400  確変
5     1   700  確変
349 383 356 4040 356
349 457 282 4040 282
349 577 162 4040 162
日付:04/30 機種名:P Re:ゼロから始める異世界生活 season2 129ver. 台番号:821 最小回転率:15.62 回転率:18.61 最大回転率:23.46 差玉:-2126 最小ボーダー差分:-0.48 ボーダー差分:2.51 最大ボーダー差分:7.36 総回転数:720
cleaned:   スタート   出玉  種別
0   127  280  大当
6 127 6 280 6
6 127 6 280 6
6 133 0 280 0
日付:04/30 機種名:P Re:ゼロから始める異世界生活 season2 129ver. 台番号:822 最小回転率:17.78 回転率:17.78 最大回転率:18.62 差玉:-1506 最小ボーダー差分:1.68 ボーダー差分:1.68 最大ボーダー差分:2.52 総回転数:133
cleaned:   スタート    出玉  種別
0    62   300  大当
1    25   720  確変
2    60  1400  確変
316 258 205 2420 205
316 258 205 2420 205
316 283 180 2420 180
日付:04/30 機種名:P Re:ゼロから始める異世界生活 season2 129ver. 台番号:823 最小回転率:15.58 回転率:15.58 最大回転率:17.08 差玉:-1741 最小ボーダー差分:-0.52 ボーダー差分:-0.52 最大ボーダー差分:0.98 総回転数:454
cleaned:   スタート   出玉  種別
0   120  280  大当
1    18  280  確変
281 281 138 560 138
281 281 138 560 138
281 299 120 560 120
日付:04/30 機種名:P Re:ゼロから始める異世界生活 season2 129ver. 台番号:825 最小回転率:19.74 回転率:19.74 最大回転率:20.99 差玉:-3013 最小ボーダー差分:3.64 ボーダー差分:3.64 最大ボーダー差分:4.89 総回転数:415
cleaned:Empty DataFrame
Columns: [スタート, 出玉, 種別]
Index: []
日付:04/30 機種名:P Re:ゼロから始める異世界生活 season2 129ver. 台番号:826 最小回転率:17.40 回転率:17.40 最大回転率:17.40 差玉:-2845 最小ボーダー差分:1.30 ボーダー差分:1.30 最大ボーダー差分:1.30 総回転数:198
cleaned:    スタート    出玉  種別
0     40   280  大当
1     20  1440  確変
2      1   290  確変
3      1   270  確変
4     53   290  確変
5     22   690  確変
6     36   270  確変
7      9   710  確変
8    113   700  確変
9     36   690  確変
10   159   280  大当
155 114 531 5910 531
155 174 471 5910 471
155 254 391 5910 391
日付:04/30 機種名:P Re:ゼロから始める異世界生活 season2 129ver. 台番号:827 最小回転率:5.96 回転率:9.09 最大回転率:13.25 差玉:1079 最小ボーダー差分:-10.14 ボーダー差分:-7.01 最大ボーダー差分:-2.85 総回転数:604
cleaned:    スタート    出玉  種別
0     47  1400  大当
1     68  1390  大当
2    179   280  大当
3    120  1390  大当
4     13  2830  確変
5     18  2800  確変
6     84  2800  確変
7    151  1400  大当
8    106  2810  確変
9     63  2810  確変
10    27  2800  確変
11    11  2810  確変
12     3  2810  確変
13   197  1390  大当
176 230 1033 29720 1033
176 459 804 29720 804
176 797 466 29720 466
日付:04/30 機種名:e 東京喰種 台番号:1731 最小回転率:3.70 回転率:7.36 最大回転率:12.76 差玉:14059 最小ボーダー差分:-13.00 ボーダー差分:-9.34 最大ボーダー差分:-3.94 総回転数:1254
cleaned:   スタート    出玉  種別
0   111   280  大当
1   523  1410  大当
2   106  2800  確変
3    28  2810  確変
4   216  1400  大当
5    16  2800  確変
6    31  2800  確変
7    44  2820  確変
258 718 615 17120 615
258 824 509 17120 509
258 970 363 17120 363
日付:04/30 機種名:e 東京喰種 台番号:1732 最小回転率:12.34 回転率:14.15 最大回転率:16.64 差玉:2510 最小ボーダー差分:-4.36 ボーダー差分:-2.55 最大ボーダー差分:-0.06 総回転数:1325
cleaned:    スタート    出玉  種別
0    159  1400  大当
1     80  2790  確変
2     57  2800  確変
3    132  1400  大当
4    127  2800  確変
5    178   270  大当
6    131   280  大当
7     34  1390  大当
8     52   270  大当
9    220   270  大当
10    42  1410  大当
11    88  1390  大当
12     3  1400  大当
43 300 1046 17870 1046
43 530 816 17870 816
43 1029 317 17870 317
日付:04/30 機種名:e 東京喰種 台番号:1733 最小回転率:5.37 回転率:9.48 最大回転率:18.34 差玉:3808 最小ボーダー差分:-11.33 ボーダー差分:-7.22 最大ボーダー差分:1.64 総回転数:1336
cleaned:    スタート    出玉  種別
0     74  1390  大当
1     52  1400  大当
2     12  2810  確変
3     64  2800  確変
4      3  2810  確変
5    246  1400  大当
6     28  2800  確変
7    200   280  大当
8    109   270  大当
9    381   290  大当
10   236  1400  大当
0 617 788 17650 788
0 791 614 17650 614
0 1078 327 17650 327
日付:04/30 機種名:e 東京喰種 台番号:1735 最小回転率:9.51 回転率:12.18 最大回転率:16.57 差玉:1356 最小ボーダー差分:-7.19 ボーダー差分:-4.52 最大ボーダー差分:-0.13 総回転数:1396
cleaned:   スタート    出玉  種別
0    89   280  大当
1   286   280  大当
2    29  1400  大当
3    93  2800  確変
4    58  2820  確変
5     4  2810  確変
6    16  2820  確変
7    56  2820  確変
8   339  1390  大当
130 454 646 17420 646
130 612 488 17420 488
130 836 264 17420 264
日付:04/30 機種名:e 東京喰種 台番号:1736 最小回転率:9.52 回転率:12.82 最大回転率:17.48 差玉:5439 最小ボーダー差分:-7.18 ボーダー差分:-3.88 最大ボーダー差分:0.78 総回転数:1092
cleaned:   スタート    出玉  種別
0   804   280  大当
1    99  1400  大当
2    26  1400  大当
164 838 255 3080 255
164 937 156 3080 156
164 1093 0 3080 0
日付:04/30 機種名:e 東京喰種 台番号:1737 最小回転率:17.18 回転率:19.20 最大回転率:22.36 差玉:-9138 最小ボーダー差分:0.48 ボーダー差分:2.50 最大ボーダー差分:5.66 総回転数:1093
cleaned:   スタート    出玉  種別
0    62  1400  大当
1   354   280  大当
2    67  1390  大当
3    28  2810  確変
4   100  2800  確変
5   131  2810  確変
6   357   270  大当
7    33   280  大当
258 642 748 12040 748
258 774 616 12040 616
258 1030 360 12040 360
日付:04/30 機種名:e 東京喰種 台番号:1738 最小回転率:10.86 回転率:13.08 最大回転率:17.38 差玉:-2812 最小ボーダー差分:-5.84 ボーダー差分:-3.62 最大ボーダー差分:0.68 総回転数:1383
cleaned:   スタート    出玉  種別
0   268   280  大当
1   289   270  大当
2   116   280  大当
3   201  1390  大当
4   189  1390  大当
38 557 544 3610 544
38 803 298 3610 298
38 1101 0 3610 0
日付:04/30 機種名:e 東京喰種 台番号:1750 最小回転率:10.92 回転率:15.71 最大回転率:21.49 差玉:-9197 最小ボーダー差分:-5.78 ボーダー差分:-0.99 最大ボーダー差分:4.79 総回転数:1100
cleaned:   スタート   出玉  種別
0   184  280  大当
535 589 130 280 130
535 654 65 280 65
535 719 0 280 0
日付:04/30 機種名:e 東京喰種 台番号:1751 最小回転率:16.92 回転率:18.77 最大回転率:20.63 差玉:-8435 最小ボーダー差分:0.22 ボーダー差分:2.07 最大ボーダー差分:3.93 総回転数:719
cleaned:    スタート    出玉  種別
0      4  1400  大当
1     47  2810  確変
2     24  2810  確変
3    405   270  大当
4     12   290  大当
5     94  1400  大当
6     66   280  大当
7     83  1400  大当
8     17  2800  確変
9     63  2810  確変
10    77  2810  確変
11     5  2800  確変
12   181   280  大当
60 330 808 22160 808
60 378 760 22160 760
60 709 429 22160 429
日付:04/30 機種名:e 東京喰種 台番号:1752 最小回転率:6.46 回転率:7.40 最大回転率:13.84 差玉:9314 最小ボーダー差分:-10.24 ボーダー差分:-9.30 最大ボーダー差分:-2.86 総回転数:1125
cleaned:Empty DataFrame
Columns: [スタート, 出玉, 種別]
Index: []
日付:04/30 機種名:e 北斗の拳11 暴凶星 台番号:1753 最小回転率:17.73 回転率:17.73 最大回転率:17.73 差玉:-1791 最小ボーダー差分:0.93 ボーダー差分:0.93 最大ボーダー差分:0.93 総回転数:127
cleaned:Empty DataFrame
Columns: [スタート, 出玉, 種別]
Index: []
日付:04/30 機種名:e 北斗の拳11 暴凶星 台番号:1755 最小回転率:19.58 回転率:19.58 最大回転率:19.58 差玉:-6192 最小ボーダー差分:2.78 ボーダー差分:2.78 最大ボーダー差分:2.78 総回転数:485
cleaned:   スタート    出玉  種別
0    85   290  大当
1     6  1400  確変
2     1  1410  確変
3     6  1410  確変
4    14     0  確変
5     3  1400  確変
122 201 36 5910 36
122 203 34 5910 34
122 207 30 5910 30
日付:04/30 機種名:e 北斗の拳11 暴凶星 台番号:1756 最小回転率:12.26 回転率:12.38 最大回転率:12.63 差玉:1808 最小ボーダー差分:-4.54 ボーダー差分:-4.42 最大ボーダー差分:-4.17 総回転数:237
cleaned:Empty DataFrame
Columns: [スタート, 出玉, 種別]
Index: []
日付:04/30 機種名:e 北斗の拳11 暴凶星 台番号:1757 最小回転率:21.24 回転率:21.24 最大回転率:21.24 差玉:-565 最小ボーダー差分:4.44 ボーダー差分:4.44 最大ボーダー差分:4.44 総回転数:48
cleaned:Empty DataFrame
Columns: [スタート, 出玉, 種別]
Index: []
日付:04/30 機種名:e 北斗の拳11 暴凶星 台番号:1758 最小回転率:18.15 回転率:18.15 最大回転率:18.15 差玉:-2879 最小ボーダー差分:1.35 ボーダー差分:1.35 最大ボーダー差分:1.35 総回転数:209
cleaned:Empty DataFrame
Columns: [スタート, 出玉, 種別]
Index: []
日付:04/30 機種名:e 北斗の拳11 暴凶星 台番号:1760 最小回転率:18.70 回転率:18.70 最大回転率:18.70 差玉:-1791 最小ボーダー差分:1.90 ボーダー差分:1.90 最大ボーダー差分:1.90 総回転数:134
cleaned:   スタート    出玉  種別
0   171  1390  大当
315 476 10 1390 10
315 482 4 1390 4
315 486 0 1390 0
日付:04/30 機種名:e 北斗の拳11 暴凶星 台番号:1761 最小回転率:19.06 回転率:19.30 最大回転率:19.46 差玉:-4854 最小ボーダー差分:2.26 ボーダー差分:2.50 最大ボーダー差分:2.66 総回転数:486
cleaned:Empty DataFrame
Columns: [スタート, 出玉, 種別]
Index: []
日付:04/30 機種名:e 北斗の拳11 暴凶星 台番号:1762 最小回転率:19.78 回転率:19.78 最大回転率:19.78 差玉:-2477 最小ボーダー差分:2.98 ボーダー差分:2.98 最大ボーダー差分:2.98 総回転数:196
cleaned:   スタート    出玉  種別
0   190  1400  大当
1    80  1390  大当
0 260 10 2790 10
0 266 4 2790 4
0 270 0 2790 0
日付:04/30 機種名:e 北斗の拳11 暴凶星 台番号:1763 最小回転率:14.51 回転率:14.85 最大回転率:15.07 差玉:-1690 最小ボーダー差分:-2.29 ボーダー差分:-1.95 最大ボーダー差分:-1.73 総回転数:270
cleaned:Empty DataFrame
Columns: [スタート, 出玉, 種別]
Index: []
日付:04/30 機種名:e 北斗の拳11 暴凶星 台番号:1765 最小回転率:16.52 回転率:16.52 最大回転率:16.52 差玉:-2527 最小ボーダー差分:-0.28 ボーダー差分:-0.28 最大ボーダー差分:-0.28 総回転数:167
cleaned:    スタート    出玉  種別
0     36  1420  大当
1     50  1430  確変
2     54  1400  確変
3     51  1390  確変
4     11  1410  確変
5      1  1420  確変
6    214  1390  大当
7     98  1400  確変
8     62  1420  確変
9      8  5660  確変
10    69  1400  確変
11     1  1410  確変
12    50  1400  確変
13   105  1430  確変
14     1  1420  確変
15    21  1410  確変
16   166  1390  大当
17   187  1400  大当
397 428 1154 29600 1154
397 470 1112 29600 1112
397 514 1068 29600 1068
日付:04/30 機種名:e花の慶次～黄金の一撃 台番号:1766 最小回転率:7.78 回転率:8.54 最大回転率:9.34 差玉:15732 最小ボーダー差分:-8.72 ボーダー差分:-7.96 最大ボーダー差分:-7.16 総回転数:1577
cleaned:   スタート    出玉  種別
0   112  1400  大当
167 136 143 1400 143
167 157 122 1400 122
167 179 100 1400 100
日付:04/30 機種名:e花の慶次～黄金の一撃 台番号:1768 最小回転率:14.96 回転率:17.25 最大回転率:19.65 差玉:-887 最小ボーダー差分:-1.54 ボーダー差分:0.75 最大ボーダー差分:3.15 総回転数:279
cleaned:Empty DataFrame
Columns: [スタート, 出玉, 種別]
Index: []
日付:04/30 機種名:e花の慶次～黄金の一撃 台番号:1770 最小回転率:19.53 回転率:19.53 最大回転率:19.53 差玉:-5389 最小ボーダー差分:3.03 ボーダー差分:3.03 最大ボーダー差分:3.03 総回転数:421
cleaned:   スタート    出玉  種別
0    78  1410  大当
1   506  1390  大当
641 939 286 2800 286
641 981 244 2800 244
641 1025 200 2800 200
日付:04/30 機種名:e花の慶次～黄金の一撃 台番号:1771 最小回転率:19.06 回転率:19.90 最大回転率:20.79 差玉:-9548 最小ボーダー差分:2.56 ボーダー差分:3.40 最大ボーダー差分:4.29 総回転数:1225
cleaned:Empty DataFrame
Columns: [スタート, 出玉, 種別]
Index: []
日付:04/30 機種名:e花の慶次～黄金の一撃 台番号:1772 最小回転率:19.54 回転率:19.54 最大回転率:19.54 差玉:-9197 最小ボーダー差分:3.04 ボーダー差分:3.04 最大ボーダー差分:3.04 総回転数:719
cleaned:   スタート    出玉  種別
0    60  1390  大当
447 364 143 1390 143
447 385 122 1390 122
447 407 100 1390 100
日付:04/30 機種名:e花の慶次～黄金の一撃 台番号:1773 最小回転率:16.57 回転率:17.52 最大回転率:18.51 差玉:-4117 最小ボーダー差分:0.07 ボーダー差分:1.02 最大ボーダー差分:2.01 総回転数:507
cleaned:Empty DataFrame
Columns: [スタート, 出玉, 種別]
Index: []
日付:04/30 機種名:e花の慶次～黄金の一撃 台番号:1775 最小回転率:19.38 回転率:19.38 最大回転率:19.38 差玉:-1690 最小ボーダー差分:2.88 ボーダー差分:2.88 最大ボーダー差分:2.88 総回転数:131
cleaned:Empty DataFrame
Columns: [スタート, 出玉, 種別]
Index: []
日付:04/30 機種名:e花の慶次～黄金の一撃 台番号:1776 最小回転率:20.56 回転率:20.56 最大回転率:20.56 差玉:-3088 最小ボーダー差分:4.06 ボーダー差分:4.06 最大ボーダー差分:4.06 総回転数:254
cleaned:Empty DataFrame
Columns: [スタート, 出玉, 種別]
Index: []
日付:04/30 機種名:e花の慶次～黄金の一撃 台番号:1777 最小回転率:16.91 回転率:16.91 最大回転率:16.91 差玉:-473 最小ボーダー差分:0.41 ボーダー差分:0.41 最大ボーダー差分:0.41 総回転数:32
cleaned:    スタート    出玉  種別
0     30  1390  大当
1    264  1410  大当
2    233   280  大当
3     27  1390  大当
4    189  1390  大当
5     70  2800  確変
6     23  2810  確変
7     97  2800  確変
8     32  2810  確変
9     30  2790  確変
10    38  2790  確変
11   167  1390  大当
12    33  2800  確変
13    45  2790  確変
14    66  2790  確変
15   125  2800  確変
16   132  2810  確変
17     4  2800  確変
1 365 1241 40840 1241
1 565 1041 40840 1041
1 885 721 40840 721
日付:04/30 機種名:e 東京喰種 台番号:1778 最小回転率:4.77 回転率:7.38 最大回転率:11.54 差玉:21590 最小ボーダー差分:-11.93 ボーダー差分:-9.32 最大ボーダー差分:-5.16 総回転数:1577
cleaned:   スタート    出玉  種別
0   169   280  大当
1    82  1390  大当
2   157  1400  大当
3    21  2810  確変
4    88  2800  確変
5    17  2790  確変
6   248  1390  大当
7   180   280  大当
22 364 620 13140 620
22 511 473 13140 473
22 749 235 13140 235
日付:04/30 機種名:e 東京喰種 台番号:1780 最小回転率:7.58 回転率:10.63 最大回転率:15.56 差玉:1079 最小ボーダー差分:-9.12 ボーダー差分:-6.07 最大ボーダー差分:-1.14 総回転数:978
cleaned:   スタート    出玉  種別
0   288  1390  大当
1   317  1380  大当
2   146   270  大当
103 491 363 3040 363
103 659 195 3040 195
103 854 0 3040 0
日付:04/30 機種名:e 東京喰種 台番号:1781 最小回転率:10.92 回転率:14.64 最大回転率:18.94 差玉:-8234 最小ボーダー差分:-5.78 ボーダー差分:-2.06 最大ボーダー差分:2.24 総回転数:854
cleaned:   スタート    出玉  種別
0   329  1400  大当
1    17   270  大当
2   116  1410  大当
3   116  2800  確変
4   137  1390  大当
63 336 442 7270 442
63 438 340 7270 340
63 648 130 7270 130
日付:04/30 機種名:e 東京喰種 台番号:1782 最小回転率:9.96 回転率:12.97 最大回転率:19.14 差玉:-1205 最小ボーダー差分:-6.74 ボーダー差分:-3.73 最大ボーダー差分:2.44 総回転数:777
cleaned:   スタート    出玉  種別
0   759  1390  大当
202 831 130 1390 130
202 896 65 1390 65
202 961 0 1390 0
日付:04/30 機種名:e 東京喰種 台番号:1783 最小回転率:17.09 回転率:18.42 最大回転率:19.74 差玉:-10778 最小ボーダー差分:0.39 ボーダー差分:1.72 最大ボーダー差分:3.04 総回転数:961
cleaned:    スタート    出玉  種別
0    152   280  大当
1     18  1390  大当
2    100  2810  確変
3    121  2800  確変
4     23  2810  確変
5     73  2800  確変
6     33  2810  確変
7     91  2790  確変
8    184   270  大当
9     39   270  大当
10     6   280  大当
11   149  1390  大当
12   452   280  大当
246 663 1024 20980 1024
246 893 794 20980 794
246 1216 471 20980 471
日付:04/30 機種名:e 東京喰種 台番号:1785 最小回転率:9.71 回転率:13.07 最大回転率:17.76 差玉:3816 最小ボーダー差分:-6.99 ボーダー差分:-3.63 最大ボーダー差分:1.06 総回転数:1672
cleaned:   スタート    出玉  種別
0    36  1390  大当
1    32  2780  確変
2     6  2780  確変
3    29  2800  確変
4   385   290  大当
5    56   280  大当
6    85   280  大当
7    69  1400  大当
8   123  2780  確変
9   152  1400  大当
19 313 679 16180 679
19 395 597 16180 597
19 697 295 16180 295
日付:04/30 機種名:e 東京喰種 台番号:1786 最小回転率:7.45 回転率:9.39 最大回転率:16.53 差玉:5607 最小ボーダー差分:-9.25 ボーダー差分:-7.31 最大ボーダー差分:-0.17 総回転数:979
cleaned:   スタート    出玉  種別
0   287  1400  大当
1   118  1400  大当
2    10  2810  確変
3    97  2790  確変
4    33  2790  確変
5   222   270  大当
6    12   280  大当
85 379 485 11740 485
85 452 412 11740 412
85 604 260 11740 260
日付:04/30 機種名:e 東京喰種 台番号:1787 最小回転率:8.91 回転率:10.62 最大回転率:14.17 差玉:1054 最小ボーダー差分:-7.79 ボーダー差分:-6.08 最大ボーダー差分:-2.53 総回転数:861
cleaned:   スタート    出玉  種別
0   275   280  大当
1    73   270  大当
2     7   280  大当
3    41   280  大当
4   244  1400  大当
5    54   290  大当
172 431 435 2800 435
172 569 297 2800 297
172 866 0 2800 0
日付:04/30 機種名:e 東京喰種 台番号:1788 最小回転率:9.38 回転率:12.36 最大回転率:18.77 差玉:-8736 最小ボーダー差分:-7.32 ボーダー差分:-4.34 最大ボーダー差分:2.07 総回転数:865
cleaned:   スタート    出玉  種別
0   643   290  大当
1    58  1390  大当
2   290   280  大当
3    24  1410  大当
27 803 239 3370 239
27 868 174 3370 174
27 1042 0 3370 0
日付:04/30 機種名:e 東京喰種 台番号:1800 最小回転率:14.99 回転率:16.20 最大回転率:19.42 差玉:-10042 最小ボーダー差分:-1.71 ボーダー差分:-0.50 最大ボーダー差分:2.72 総回転数:1042
cleaned:   スタート   出玉  種別
0   374  540  大当
1    41  270  大当
525 767 173 810 173
525 833 107 810 107
525 940 0 810 0
日付:04/30 機種名:eリコリス・リコイル 台番号:1801 最小回転率:15.33 回転率:16.64 最大回転率:18.76 差玉:-11715 最小ボーダー差分:-1.87 ボーダー差分:-0.56 最大ボーダー差分:1.56 総回転数:940
cleaned:   スタート   出玉  種別
0   116  300  大当
1   243  280  大当
2   454  280  大当
180 597 396 860 396
180 795 198 860 198
180 993 0 860 0
日付:04/30 機種名:eリコリス・リコイル 台番号:1802 最小回転率:11.40 回転率:15.15 最大回転率:18.90 差玉:-12276 最小ボーダー差分:-5.80 ボーダー差分:-2.05 最大ボーダー差分:1.70 総回転数:993
cleaned:    スタート   出玉  種別
0    493  550  大当
1     90  690  確変
2      1  700  確変
3      1  690  確変
4      1  710  確変
5      1  710  確変
6      1  690  確変
7      1  690  確変
8      1  710  確変
9    199  550  大当
10    48  690  確変
11     1  710  確変
12     1  710  確変
13     1  700  確変
14     1  690  確変
15     1  700  確変
16     1  710  確変
17     1  690  確変
18     1  690  確変
19     1  700  確変
20     1  710  確変
21     1  700  確変
496 924 420 15090 420
496 948 396 15090 396
496 1062 282 15090 282
日付:04/30 機種名:eリコリス・リコイル 台番号:1803 最小回転率:14.98 回転率:15.37 最大回転率:17.21 差玉:-368 最小ボーダー差分:-2.22 ボーダー差分:-1.83 最大ボーダー差分:0.01 総回転数:1326
cleaned:   スタート   出玉  種別
0   244  550  大当
1     9  690  確変
2     7  700  確変
3   292  550  大当
4   387  550  大当
5    31  550  大当
6   109  690  確変
7     1  700  確変
8     1  690  確変
9     1  720  確変
150 677 555 6390 555
150 786 446 6390 446
150 958 274 6390 274
日付:04/30 機種名:eリコリス・リコイル 台番号:1805 最小回転率:13.47 回転率:15.63 最大回転率:19.03 差玉:-6226 最小ボーダー差分:-3.73 ボーダー差分:-1.57 最大ボーダー差分:1.83 総回転数:1224
cleaned:    スタート    出玉  種別
0    381   540  大当
1     74   540  大当
2    279   560  大当
3     74   690  確変
4     27   690  確変
5      1   710  確変
6      1   690  確変
7      1   710  確変
8      1   680  確変
9      1   700  確変
10     1   690  確変
11     1   690  確変
12     1   710  確変
13     1   690  確変
14     1   710  確変
15     1   690  確変
16     1   710  確変
17     1   710  確変
18     1   700  確変
19     1  1390  確変
20     2   700  確変
21     1   690  確変
22     1   700  確変
23     1   720  確変
24     1   700  確変
25     1   700  確変
26     1   690  確変
326 722 462 19100 462
326 804 380 19100 380
326 1002 182 19100 182
日付:04/30 機種名:eリコリス・リコイル 台番号:1806 最小回転率:11.54 回転率:12.85 最大回転率:15.99 差玉:3414 最小ボーダー差分:-5.66 ボーダー差分:-4.35 最大ボーダー差分:-1.21 総回転数:1163
cleaned:   スタート   出玉  種別
0   329  550  大当
1   109  560  大当
2   529  570  大当
3    94  690  確変
4     1  710  確変
5     1  710  確変
6     1  700  確変
7   115  710  確変
314 908 585 5200 585
314 1045 448 5200 448
314 1243 250 5200 250
日付:04/30 機種名:eリコリス・リコイル 台番号:1807 最小回転率:16.79 回転率:19.31 最大回転率:22.93 差玉:-8377 最小ボーダー差分:-0.41 ボーダー差分:2.11 最大ボーダー差分:5.73 総回転数:1491
cleaned:   スタート   出玉  種別
0   327  550  大当
1   508  580  大当
2   176  550  大当
3   303  550  大当
4    24  540  大当
5     3  710  確変
215 1001 555 3480 555
215 1199 357 3480 357
215 1424 132 3480 132
日付:04/30 機種名:eリコリス・リコイル 台番号:1808 最小回転率:19.20 回転率:22.97 最大回転率:27.23 差玉:-9607 最小ボーダー差分:2.00 ボーダー差分:5.77 最大ボーダー差分:10.03 総回転数:1555
cleaned:   スタート   出玉  種別
0   112  560  大当
1    47  280  確変
2   125  690  確変
3   444  560  大当
4   139  560  大当
5   108  280  大当
6   135  550  大当
161 463 808 3480 808
161 703 568 3480 568
161 1014 257 3480 257
日付:04/30 機種名:eリコリス・リコイル 台番号:1810 最小回転率:10.26 回転率:15.54 最大回転率:22.36 差玉:-7883 最小ボーダー差分:-6.94 ボーダー差分:-1.66 最大ボーダー差分:5.16 総回転数:1269
cleaned:   スタート   出玉  種別
0   383  550  大当
1    96  700  確変
2   186  560  大当
3    25  690  確変
4   308  570  大当
495 976 517 3070 517
495 1072 421 3070 421
495 1229 264 3070 264
日付:04/30 機種名:eリコリス・リコイル 台番号:1811 最小回転率:17.77 回転率:19.51 最大回転率:22.34 差玉:-10711 最小ボーダー差分:0.57 ボーダー差分:2.31 最大ボーダー差分:5.14 総回転数:1491
cleaned:   スタート   出玉  種別
0   860  560  大当
1   196  550  大当
2    13  550  大当
3    92  710  確変
4     1  710  確変
5     1  710  確変
6     1  690  確変
7     1  690  確変
8     1  700  確変
1 924 243 5870 243
1 1016 151 5870 151
1 1161 6 5870 6
日付:04/30 機種名:eリコリス・リコイル 台番号:1812 最小回転率:13.25 回転率:14.57 最大回転率:16.63 差玉:-11582 最小ボーダー差分:-3.95 ボーダー差分:-2.63 最大ボーダー差分:-0.57 総回転数:1160
cleaned:   スタート    出玉  種別
0    43   170  大当
1     5  1400  確変
2     3  2800  確変
3     3  2800  確変
4     6  2810  確変
5     6  1400  確変
6    52   160  大当
7     6  1410  確変
8     3  1390  確変
9     5  2800  確変
0 93 39 17140 39
0 101 31 17140 31
0 103 29 17140 29
日付:04/30 機種名:e 真・北斗無双 第5章 夢幻闘双 台番号:1813 最小回転率:4.34 回転率:4.72 最大回転率:4.81 差玉:11782 最小ボーダー差分:-12.66 ボーダー差分:-12.28 最大ボーダー差分:-12.19 総回転数:115
cleaned:Empty DataFrame
Columns: [スタート, 出玉, 種別]
Index: []
日付:04/30 機種名:e 真・北斗無双 第5章 夢幻闘双 台番号:1815 最小回転率:21.56 回転率:21.56 最大回転率:21.56 差玉:-1774 最小ボーダー差分:4.56 ボーダー差分:4.56 最大ボーダー差分:4.56 総回転数:153
cleaned:   スタート   出玉  種別
0    12  170  大当
205 212 5 170 5
205 216 1 170 1
205 217 0 170 0
日付:04/30 機種名:e 真・北斗無双 第5章 夢幻闘双 台番号:1816 最小回転率:19.06 回転率:19.42 最大回転率:19.51 差玉:-2611 最小ボーダー差分:2.06 ボーダー差分:2.42 最大ボーダー差分:2.51 総回転数:217
cleaned:Empty DataFrame
Columns: [スタート, 出玉, 種別]
Index: []
日付:04/30 機種名:e 真・北斗無双 第5章 夢幻闘双 台番号:1817 最小回転率:19.38 回転率:19.38 最大回転率:19.38 差玉:-1690 最小ボーダー差分:2.38 ボーダー差分:2.38 最大ボーダー差分:2.38 総回転数:131
cleaned:Empty DataFrame
Columns: [スタート, 出玉, 種別]
Index: []
日付:04/30 機種名:e 真・北斗無双 第5章 夢幻闘双 台番号:1818 最小回転率:19.95 回転率:19.95 最大回転率:19.95 差玉:-188 最小ボーダー差分:2.95 ボーダー差分:2.95 最大ボーダー差分:2.95 総回転数:15
cleaned:Empty DataFrame
Columns: [スタート, 出玉, 種別]
Index: []
日付:04/30 機種名:e 真・北斗無双 第5章 夢幻闘双 台番号:1820 最小回転率:19.08 回転率:19.08 最大回転率:19.08 差玉:-1874 最小ボーダー差分:2.08 ボーダー差分:2.08 最大ボーダー差分:2.08 総回転数:143
cleaned:   スタート   出玉  種別
0    82  170  大当
3 82 3 170 3
3 84 1 170 1
3 85 0 170 0
日付:04/30 機種名:e 真・北斗無双 第5章 夢幻闘双 台番号:1822 最小回転率:15.68 回転率:16.06 最大回転率:16.25 差玉:-1138 最小ボーダー差分:-1.32 ボーダー差分:-0.94 最大ボーダー差分:-0.75 総回転数:85
cleaned:Empty DataFrame
Columns: [スタート, 出玉, 種別]
Index: []
日付:04/30 機種名:e 真・北斗無双 第5章 夢幻闘双 台番号:1823 最小回転率:26.27 回転率:26.27 最大回転率:26.27 差玉:-276 最小ボーダー差分:9.27 ボーダー差分:9.27 最大ボーダー差分:9.27 総回転数:29
cleaned:   スタート   出玉  種別
0   150  180  大当
31 176 5 180 5
31 180 1 180 1
31 181 0 180 0
日付:04/30 機種名:e 真・北斗無双 第5章 夢幻闘双 台番号:1825 最小回転率:18.82 回転率:19.24 最大回転率:19.35 差玉:-2159 最小ボーダー差分:1.82 ボーダー差分:2.24 最大ボーダー差分:2.35 総回転数:181
cleaned:Empty DataFrame
Columns: [スタート, 出玉, 種別]
Index: []
日付:04/30 機種名:e東京リベンジャーズ 台番号:1826 最小回転率:16.54 回転率:16.54 最大回転率:16.54 差玉:-937 最小ボーダー差分:0.04 ボーダー差分:0.04 最大ボーダー差分:0.04 総回転数:62
cleaned:Empty DataFrame
Columns: [スタート, 出玉, 種別]
Index: []
日付:04/30 機種名:e東京リベンジャーズ 台番号:1827 最小回転率:19.26 回転率:19.26 最大回転率:19.26 差玉:-2661 最小ボーダー差分:2.76 ボーダー差分:2.76 最大ボーダー差分:2.76 総回転数:205
cleaned:    スタート    出玉  種別
0    151   280  大当
1     22  1390  確変
2     51  1400  確変
3     17  1400  確変
4     27  1400  確変
5     98  1400  確変
6      2  1390  確変
7    132  1400  確変
8      2  1400  確変
9     61  1390  確変
10     2  1390  確変
143 151 557 14240 557
143 151 557 14240 557
143 151 557 14240 557
日付:04/30 機種名:e東京リベンジャーズ 台番号:1830 最小回転率:7.26 回転率:7.26 最大回転率:7.26 差玉:8987 最小ボーダー差分:-9.24 ボーダー差分:-9.24 最大ボーダー差分:-9.24 総回転数:699
cleaned:Empty DataFrame
Columns: [スタート, 出玉, 種別]
Index: []
日付:04/30 機種名:e東京リベンジャーズ 台番号:1832 最小回転率:23.55 回転率:23.55 最大回転率:23.55 差玉:-276 最小ボーダー差分:7.05 ボーダー差分:7.05 最大ボーダー差分:7.05 総回転数:26
cleaned:Empty DataFrame
Columns: [スタート, 出玉, 種別]
Index: []
日付:04/30 機種名:e東京リベンジャーズ 台番号:1833 最小回転率:17.29 回転率:17.29 最大回転率:17.29 差玉:-188 最小ボーダー差分:0.79 ボーダー差分:0.79 最大ボーダー差分:0.79 総回転数:13
cleaned:Empty DataFrame
Columns: [スタート, 出玉, 種別]
Index: []
日付:04/30 機種名:e東京リベンジャーズ 台番号:1835 最小回転率:18.62 回転率:18.62 最大回転率:18.62 差玉:-188 最小ボーダー差分:2.12 ボーダー差分:2.12 最大ボーダー差分:2.12 総回転数:14
cleaned:Empty DataFrame
Columns: [スタート, 出玉, 種別]
Index: []
日付:04/30 機種名:e東京リベンジャーズ 台番号:1836 最小回転率:21.24 回転率:21.24 最大回転率:21.24 差玉:-2778 最小ボーダー差分:4.74 ボーダー差分:4.74 最大ボーダー差分:4.74 総回転数:236
cleaned:   スタート   出玉  種別
0   189  260  大当
151 196 144 260 144
151 219 121 260 121
151 240 100 260 100
日付:04/30 機種名:e東京リベンジャーズ 台番号:1837 最小回転率:19.96 回転率:22.28 最大回転率:24.40 差玉:-2209 最小ボーダー差分:3.46 ボーダー差分:5.78 最大ボーダー差分:7.90 総回転数:340
cleaned:    スタート    出玉  種別
0    101   710  大当
1     27  2790  確変
2      4  2820  確変
3     25  2830  確変
4      4  2800  確変
5     99  2800  確変
6    217   710  大当
7     31  2820  確変
8     46  2810  確変
9      5  2820  確変
10    18  1400  確変
11    14  2800  確変
12    58  2800  確変
13    33  2800  確変
605 655 632 33710 632
605 655 632 33710 632
605 713 574 33710 574
日付:04/30 機種名:e 甲鉄城のカバネリ2 咲かせや燦然 台番号:1838 最小回転率:10.75 回転率:10.75 最大回転率:11.69 差玉:18410 最小ボーダー差分:-6.35 ボーダー差分:-6.35 最大ボーダー差分:-5.41 総回転数:1214
cleaned:Empty DataFrame
Columns: [スタート, 出玉, 種別]
Index: []
日付:04/30 機種名:e 甲鉄城のカバネリ2 咲かせや燦然 台番号:1850 最小回転率:21.80 回転率:21.80 最大回転率:21.80 差玉:-5389 最小ボーダー差分:4.70 ボーダー差分:4.70 最大ボーダー差分:4.70 総回転数:470
cleaned:    スタート    出玉  種別
0    323   700  大当
1     15  2820  確変
2     27  2800  確変
3     61  1400  確変
4     62  2830  確変
5     66  2810  確変
6     31  2830  確変
7    111  2800  確変
8      4  2810  確変
9     83  2850  確変
10   362   710  大当
11    69  2800  確変
12     4  1400  確変
13    10  2800  確変
14   124  2820  確変
117 551 918 35180 918
117 553 916 35180 916
117 635 834 35180 834
日付:04/30 機種名:e 甲鉄城のカバネリ2 咲かせや燦然 台番号:1851 最小回転率:7.94 回転率:7.97 最大回転率:9.15 差玉:17741 最小ボーダー差分:-9.16 ボーダー差分:-9.13 最大ボーダー差分:-7.95 総回転数:1277
cleaned:   スタート   出玉  種別
0    78  710  大当
1   156  710  大当
582 548 268 1420 268
582 682 134 1420 134
582 816 0 1420 0
日付:04/30 機種名:e 甲鉄城のカバネリ2 咲かせや燦然 台番号:1852 最小回転率:16.60 回転率:20.62 最大回転率:24.63 差玉:-6862 最小ボーダー差分:-0.50 ボーダー差分:3.52 最大ボーダー差分:7.53 総回転数:812
cleaned:   スタート   出玉  種別
0    90  720  大当
1   146  700  大当
202 170 268 1420 268
202 304 134 1420 134
202 438 0 1420 0
日付:04/30 機種名:e 甲鉄城のカバネリ2 咲かせや燦然 台番号:1853 最小回転率:7.68 回転率:13.70 最大回転率:19.69 差玉:-4142 最小ボーダー差分:-9.42 ボーダー差分:-3.40 最大ボーダー差分:2.59 総回転数:438
cleaned:   スタート   出玉  種別
0   470  710  大当
197 533 134 710 134
197 600 67 710 67
197 667 0 710 0
日付:04/30 機種名:e 甲鉄城のカバネリ2 咲かせや燦然 台番号:1855 最小回転率:15.90 回転率:17.89 最大回転率:19.87 差玉:-7682 最小ボーダー差分:-1.20 ボーダー差分:0.79 最大ボーダー差分:2.77 総回転数:667
cleaned:   スタート    出玉  種別
0   563   700  大当
1    74  1400  確変
2    43  2800  確変
3    57  2800  確変
4    71  1400  確変
5    71  2800  確変
6    60  2810  確変
7    41  2820  確変
8     4  2800  確変
9    87  2800  確変
130 563 638 23130 638
130 570 631 23130 631
130 637 564 23130 564
日付:04/30 機種名:e 甲鉄城のカバネリ2 咲かせや燦然 台番号:1856 最小回転率:11.58 回転率:11.72 最大回転率:13.09 差玉:10912 最小ボーダー差分:-5.52 ボーダー差分:-5.38 最大ボーダー差分:-4.01 総回転数:1150
cleaned:   スタート    出玉  種別
0   138   700  大当
1    92  1400  確変
2    94  2820  確変
3    56  1410  確変
569 573 376 6330 376
569 598 351 6330 351
569 665 284 6330 284
日付:04/30 機種名:e 甲鉄城のカバネリ2 咲かせや燦然 台番号:1857 最小回転率:16.82 回転率:17.55 最大回転率:19.50 差玉:-2226 最小ボーダー差分:-0.28 ボーダー差分:0.45 最大ボーダー差分:2.40 総回転数:931
cleaned:   スタート    出玉  種別
0   192   720  大当
1   446   690  大当
2    11  2810  確変
68 504 213 4220 213
68 571 146 4220 146
68 649 68 4220 68
日付:04/30 機種名:e 甲鉄城のカバネリ2 咲かせや燦然 台番号:1858 最小回転率:13.52 回転率:15.31 最大回転率:17.38 差玉:-5121 最小ボーダー差分:-3.58 ボーダー差分:-1.79 最大ボーダー差分:0.28 総回転数:708
cleaned:   スタート    出玉  種別
0   330   710  大当
1    70  2810  確変
2     4  2800  確変
3   235   700  大当
4   134  2800  確変
5   326   710  大当
6     1  1410  確変
130 623 607 11940 607
130 693 537 11940 537
130 828 402 11940 402
日付:04/30 機種名:e 甲鉄城のカバネリ2 咲かせや燦然 台番号:1860 最小回転率:15.54 回転率:17.28 最大回転率:20.61 差玉:1858 最小ボーダー差分:-1.56 ボーダー差分:0.18 最大ボーダー差分:3.51 総回転数:1205
cleaned:   スタート    出玉  種別
0   249   280  大当
1     4  2250  確変
2   134  2250  確変
3    10  2240  確変
4   126  2270  確変
5    75  2230  確変
6     7  2250  確変
7    34  2250  確変
8    20  2240  確変
9    43  2250  確変
437 529 610 20510 610
437 529 610 20510 610
437 529 610 20510 610
日付:04/30 機種名:e 新世紀エヴァンゲリオン ～はじまりの記憶～ 台番号:2021 最小回転率:11.74 回転率:11.74 最大回転率:11.74 差玉:9188 最小ボーダー差分:-4.96 ボーダー差分:-4.96 最大ボーダー差分:-4.96 総回転数:1125
cleaned:Empty DataFrame
Columns: [スタート, 出玉, 種別]
Index: []
日付:04/30 機種名:e 新世紀エヴァンゲリオン ～はじまりの記憶～ 台番号:2022 最小回転率:21.35 回転率:21.35 最大回転率:21.35 差玉:-8536 最小ボーダー差分:4.65 ボーダー差分:4.65 最大ボーダー差分:4.65 総回転数:729
cleaned:   スタート    出玉  種別
0   822   270  大当
1    97  2250  確変
2   103  2250  確変
3    99  2240  確変
234 899 456 7010 456
234 899 456 7010 456
234 899 456 7010 456
日付:04/30 機種名:e 新世紀エヴァンゲリオン ～はじまりの記憶～ 台番号:2023 最小回転率:17.94 回転率:17.94 最大回転率:17.94 差玉:-5565 最小ボーダー差分:1.24 ボーダー差分:1.24 最大ボーダー差分:1.24 総回転数:1350
cleaned:    スタート    出玉  種別
0     73   280  大当
1     78  2250  確変
2     39  2240  確変
3      8  2240  確変
4    134  2250  確変
5     39  2250  確変
6     37  2250  確変
7     37  2250  確変
8     35  2230  確変
9     42  2250  確変
10   128  2250  確変
11    98  2240  確変
12    74  2240  確変
13     9  2240  確変
14   542   270  大当
15   175   270  大当
16    18  2240  確変
17    57  2240  確変
306 625 1304 34480 1304
306 653 1276 34480 1276
306 682 1247 34480 1247
日付:04/30 機種名:e 新世紀エヴァンゲリオン ～はじまりの記憶～ 台番号:2025 最小回転率:9.41 回転率:9.83 最大回転率:10.26 差玉:17741 最小ボーダー差分:-7.29 ボーダー差分:-6.87 最大ボーダー差分:-6.44 総回転数:1904
cleaned:   スタート   出玉  種別
0   250  280  大当
1    23  290  大当
599 692 180 570 180
599 720 152 570 152
599 749 123 570 123
日付:04/30 機種名:e 新世紀エヴァンゲリオン ～はじまりの記憶～ 台番号:2026 最小回転率:20.03 回転率:20.84 最大回転率:21.67 差玉:-8084 最小ボーダー差分:3.33 ボーダー差分:4.14 最大ボーダー差分:4.97 総回転数:872
cleaned:   スタート   出玉  種別
0   238  270  大当
1   303  280  大当
2   325  280  大当
3   122  280  大当
189 584 593 1110 593
189 668 509 1110 509
189 777 400 1110 400
日付:04/30 機種名:e 新世紀エヴァンゲリオン ～はじまりの記憶～ 台番号:2027 最小回転率:17.26 回転率:19.73 最大回転率:22.92 差玉:-7406 最小ボーダー差分:0.56 ボーダー差分:3.03 最大ボーダー差分:6.22 総回転数:1171
cleaned:   スタート    出玉  種別
0   650   270  大当
1   184   270  大当
2    18  2240  確変
3    28  2230  確変
4    36  2240  確変
5    31  2240  確変
225 745 427 9490 427
225 773 399 9490 399
225 802 370 9490 370
日付:04/30 機種名:e 新世紀エヴァンゲリオン ～はじまりの記憶～ 台番号:2028 最小回転率:14.43 回転率:14.97 最大回転率:15.53 差玉:-3456 最小ボーダー差分:-2.27 ボーダー差分:-1.73 最大ボーダー差分:-1.17 総回転数:1167
cleaned:    スタート    出玉  種別
0    107   280  大当
1     47  2240  確変
2    100  2240  確変
3    106  2240  確変
4    144  2240  確変
5     21  2250  確変
6     80  2250  確変
7     56  2240  確変
8     66  2240  確変
9    109  2240  確変
10   149  2250  確変
11     8  2250  確変
12     6  2240  確変
13    37  2240  確変
14   105  2240  確変
15    77  2240  確変
16    67  2240  確変
17    74  2230  確変
18    78  2230  確変
242 192 1487 40620 1487
242 192 1487 40620 1487
242 192 1487 40620 1487
日付:04/30 機種名:e 新世紀エヴァンゲリオン ～はじまりの記憶～ 台番号:2030 最小回転率:3.94 回転率:3.94 最大回転率:3.94 差玉:28285 最小ボーダー差分:-12.76 ボーダー差分:-12.76 最大ボーダー差分:-12.76 総回転数:1642
cleaned:   スタート   出玉  種別
0   147  270  大当
1   728  290  大当
2   441  270  大当
0 1002 314 830 314
0 1058 258 830 258
0 1116 200 830 200
日付:04/30 機種名:e 新世紀エヴァンゲリオン ～はじまりの記憶～ 台番号:2031 最小回転率:21.27 回転率:22.45 最大回転率:23.67 差玉:-10979 最小ボーダー差分:4.57 ボーダー差分:5.75 最大ボーダー差分:6.97 総回転数:1313
cleaned:   スタート   出玉  種別
0    50  280  大当
992 885 157 280 157
992 913 129 280 129
992 942 100 280 100
日付:04/30 機種名:e 新世紀エヴァンゲリオン ～はじまりの記憶～ 台番号:2032 最小回転率:20.92 回転率:21.58 最大回転率:22.26 差玉:-10310 最小ボーダー差分:4.22 ボーダー差分:4.88 最大ボーダー差分:5.56 総回転数:1042
cleaned:    スタート    出玉  種別
0    749   260  大当
1    102   250  大当
2     97   270  大当
3     93  1400  確変
4     45  1420  確変
5     14  1400  確変
6     32  1410  確変
7      9  1400  確変
8     19  1390  確変
9     10  1400  確変
10     1  1410  確変
11    17  1390  確変
12    82  1400  確変
13    15  1400  確変
14    34  1410  確変
15     8  1400  確変
16    59   270  大当
17    13  1390  確変
18    44  1400  確変
19   173   260  大当
74 815 875 22330 875
74 1053 637 22330 637
74 1194 496 22330 496
日付:04/30 機種名:e ゴジラ対エヴァンゲリオン2 超デカゴールド 台番号:2056 最小回転率:14.69 回転率:18.95 最大回転率:21.47 差玉:8377 最小ボーダー差分:-15.21 ボーダー差分:-10.95 最大ボーダー差分:-8.43 総回転数:1595
cleaned:    スタート    出玉  種別
0    117   270  大当
1    154   270  大当
2      7  1400  確変
3     35  1400  確変
4     33  1400  確変
5    244   280  大当
6      2  1410  確変
7     54  1400  確変
8     14  1400  確変
9     33  1410  確変
10    83  1390  確変
11   161   260  大当
12   374   240  大当
13   451   250  大当
351 1210 903 12780 903
351 1510 603 12780 603
351 1647 466 12780 466
日付:04/30 機種名:e ゴジラ対エヴァンゲリオン2 超デカゴールド 台番号:2057 最小回転率:20.53 回転率:25.57 最大回転率:27.87 差玉:-2042 最小ボーダー差分:-9.37 ボーダー差分:-4.33 最大ボーダー差分:-2.03 総回転数:2016
cleaned:   スタート    出玉  種別
0   355   260  大当
1   405   270  大当
2    33  1400  確変
3    25  1410  確変
4     5  1390  確変
5    61  1400  確変
6    96  1390  確変
7    43  1390  確変
162 708 477 8910 477
162 784 401 8910 401
162 848 337 8910 337
日付:04/30 機種名:e ゴジラ対エヴァンゲリオン2 超デカゴールド 台番号:2058 最小回転率:21.60 回転率:23.90 最大回転率:25.83 差玉:669 最小ボーダー差分:-8.30 ボーダー差分:-6.00 最大ボーダー差分:-4.07 総回転数:1124
cleaned:    スタート    出玉  種別
0     66   250  大当
1    329   230  大当
2    486   270  大当
3      4  1400  確変
4     15  1390  確変
5     23  1400  確変
6     26  1400  確変
7     60  1390  確変
8     16  1390  確変
9     49  1400  確変
10    97  1410  確変
11    11  1400  確変
12   121  1390  確変
13    23  1400  確変
14     5  1400  確変
15     7  1400  確変
16    20  1400  確変
17   179   250  大当
18   687   260  大当
225 1451 998 20830 998
225 1751 698 20830 698
225 1883 566 20830 566
日付:04/30 機種名:e ゴジラ対エヴァンゲリオン2 超デカゴールド 台番号:2060 最小回転率:20.58 回転率:24.79 最大回転率:26.64 差玉:3105 最小ボーダー差分:-9.32 ボーダー差分:-5.11 最大ボーダー差分:-3.26 総回転数:2300
cleaned:    スタート    出玉  種別
0     93   270  大当
1     32  1410  確変
2      5  1410  確変
3      2  1420  確変
4     41  1400  確変
5      9  1410  確変
6     53  1400  確変
7     24  1400  確変
8     70   230  大当
9    346   240  大当
10    46   270  大当
11    13   270  大当
336 561 509 11130 509
336 725 345 11130 345
336 866 204 11130 204
日付:04/30 機種名:e ゴジラ対エヴァンゲリオン2 超デカゴールド 台番号:2061 最小回転率:16.95 回転率:21.86 最大回転率:26.06 差玉:2803 最小ボーダー差分:-12.95 ボーダー差分:-8.04 最大ボーダー差分:-3.84 総回転数:1000
cleaned:Empty DataFrame
Columns: [スタート, 出玉, 種別]
Index: []
日付:04/30 機種名:e ゴジラ対エヴァンゲリオン2 超デカゴールド 台番号:2062 最小回転率:37.98 回転率:37.98 最大回転率:37.98 差玉:-5556 最小ボーダー差分:8.08 ボーダー差分:8.08 最大ボーダー差分:8.08 総回転数:844
cleaned:   スタート   出玉  種別
0   171  260  大当
1    53  260  大当
2   228  270  大当
3   181  250  大当
281 540 374 1040 374
281 786 128 1040 128
281 914 0 1040 0
日付:04/30 機種名:e ゴジラ対エヴァンゲリオン2 超デカゴールド 台番号:2063 最小回転率:20.38 回転率:29.55 最大回転率:34.29 差玉:-5623 最小ボーダー差分:-9.52 ボーダー差分:-0.35 最大ボーダー差分:4.39 総回転数:912
cleaned:    スタート    出玉  種別
0    250   280  大当
1     22  1390  確変
2    106  1400  確変
3     60  1400  確変
4     41  1400  確変
5     64  1390  確変
6     34  1400  確変
7      6  1400  確変
8     19  1390  確変
9     80   260  大当
10   215   240  大当
11   168   240  大当
12    49   280  大当
13   173   260  大当
14   342   270  大当
15   398   270  大当
16    14  1390  確変
6 1011 1036 14660 1036
6 1403 644 14660 644
6 1631 416 14660 416
日付:04/30 機種名:e ゴジラ対エヴァンゲリオン2 超デカゴールド 台番号:2065 最小回転率:18.48 回転率:25.57 最大回転率:29.68 差玉:879 最小ボーダー差分:-11.42 ボーダー差分:-4.33 最大ボーダー差分:-0.22 総回転数:1940
cleaned:    スタート    出玉  種別
0    336   280  大当
1     15  1400  確変
2     24  1400  確変
3     43  1380  確変
4     58  1400  確変
5     11  1400  確変
6    118   280  大当
7    105   280  大当
8     39  1400  確変
9      8  1410  確変
10    16  1390  確変
11    26  1400  確変
12   174   270  大当
13    40  1390  確変
14     9  1410  確変
15    15  1400  確変
16   504   260  大当
17    53   270  大当
18    13   260  大当
27 811 823 18680 823
27 920 714 18680 714
27 1103 531 18680 531
日付:04/30 機種名:e ゴジラ対エヴァンゲリオン2 超デカゴールド 台番号:2066 最小回転率:18.08 回転率:20.49 最大回転率:24.52 差玉:7381 最小ボーダー差分:-11.82 ボーダー差分:-9.41 最大ボーダー差分:-5.38 総回転数:1496
cleaned:   スタート   出玉  種別
0   634  250  大当
1   374  260  大当
2   210  260  大当
273 1170 321 770 321
273 1395 96 770 96
273 1491 0 770 0
日付:04/30 機種名:e ゴジラ対エヴァンゲリオン2 超デカゴールド 台番号:2067 最小回転率:31.89 回転率:37.93 最大回転率:40.49 差玉:-8435 最小ボーダー差分:1.99 ボーダー差分:8.03 最大ボーダー差分:10.59 総回転数:1486
cleaned:   スタート   出玉  種別
0   766  280  大当
92 766 92 280 92
92 766 92 280 92
92 766 92 280 92
日付:04/30 機種名:e 新世紀エヴァンゲリオン ～はじまりの記憶～ 台番号:2068 最小回転率:19.50 回転率:19.50 最大回転率:19.50 差玉:-9548 最小ボーダー差分:2.80 ボーダー差分:2.80 最大ボーダー差分:2.80 総回転数:858
cleaned:   スタート    出玉  種別
0   166   270  大当
1    25  2240  確変
2   436   270  大当
251 539 339 2780 339
251 567 311 2780 311
251 596 282 2780 282
日付:04/30 機種名:e 新世紀エヴァンゲリオン ～はじまりの記憶～ 台番号:2070 最小回転率:17.05 回転率:17.93 最大回転率:18.84 差玉:-5155 最小ボーダー差分:0.35 ボーダー差分:1.23 最大ボーダー差分:2.14 総回転数:872
cleaned:   スタート    出玉  種別
0    15   280  大当
1    79  2260  確変
2   318   280  大当
3     5  2250  確変
4    16  2230  確変
5    70  2230  確変
6   102  2230  確変
7    43  2250  確変
707 726 629 14010 629
707 726 629 14010 629
707 726 629 14010 629
日付:04/30 機種名:e 新世紀エヴァンゲリオン ～はじまりの記憶～ 台番号:2071 最小回転率:15.33 回転率:15.33 最大回転率:15.33 差玉:2109 最小ボーダー差分:-1.37 ボーダー差分:-1.37 最大ボーダー差分:-1.37 総回転数:1338
cleaned:   スタート    出玉  種別
0   465   280  大当
1   402   280  大当
2     3  2240  確変
3    18  2240  確変
4    32  2230  確変
5    31  2240  確変
6    39  2240  確変
7     8  2230  確変
0 710 288 13980 288
0 738 260 13980 260
0 767 231 13980 231
日付:04/30 機種名:e 新世紀エヴァンゲリオン ～はじまりの記憶～ 台番号:2072 最小回転率:14.32 回転率:14.88 最大回転率:15.46 差玉:1556 最小ボーダー差分:-2.38 ボーダー差分:-1.82 最大ボーダー差分:-1.24 総回転数:988
cleaned:   スタート   出玉  種別
0   259  270  大当
1   484  270  大当
2   351  270  大当
58 780 372 810 372
58 836 316 810 316
58 894 258 810 258
日付:04/30 機種名:e 新世紀エヴァンゲリオン ～はじまりの記憶～ 台番号:2073 最小回転率:18.79 回転率:20.12 最大回転率:21.51 差玉:-9607 最小ボーダー差分:2.09 ボーダー差分:3.42 最大ボーダー差分:4.81 総回転数:1150
cleaned:Empty DataFrame
Columns: [スタート, 出玉, 種別]
Index: []
日付:04/30 機種名:e 新世紀エヴァンゲリオン ～はじまりの記憶～ 台番号:2075 最小回転率:21.49 回転率:21.49 最大回転率:21.49 差玉:-7632 最小ボーダー差分:4.79 ボーダー差分:4.79 最大ボーダー差分:4.79 総回転数:656
cleaned:   スタート    出玉  種別
0   737   280  大当
1    87  2230  確変
216 796 244 2510 244
216 796 244 2510 244
216 796 244 2510 244
日付:04/30 機種名:e 新世紀エヴァンゲリオン ～はじまりの記憶～ 台番号:2076 最小回転率:20.07 回転率:20.07 最大回転率:20.07 差玉:-7431 最小ボーダー差分:3.37 ボーダー差分:3.37 最大ボーダー差分:3.37 総回転数:1036
cleaned:Empty DataFrame
Columns: [スタート, 出玉, 種別]
Index: []
日付:04/30 機種名:e 新世紀エヴァンゲリオン ～はじまりの記憶～ 台番号:2077 最小回転率:22.36 回転率:22.36 最大回転率:22.36 差玉:-11448 最小ボーダー差分:5.66 ボーダー差分:5.66 最大ボーダー差分:5.66 総回転数:1024
cleaned:   スタート    出玉  種別
0   242   270  大当
1    84  2240  確変
2    18  2250  確変
3    22  2240  確変
663 748 281 7000 281
663 748 281 7000 281
663 748 281 7000 281
日付:04/30 機種名:e 新世紀エヴァンゲリオン ～はじまりの記憶～ 台番号:2078 最小回転率:17.50 回転率:17.50 最大回転率:17.50 差玉:-3715 最小ボーダー差分:0.80 ボーダー差分:0.80 最大ボーダー差分:0.80 総回転数:1023
cleaned:   スタート   出玉  種別
0   127  280  大当
1   167  280  大当
2   699  270  大当
151 679 465 830 465
151 757 387 830 387
151 844 300 830 300
日付:04/30 機種名:e 新世紀エヴァンゲリオン ～はじまりの記憶～ 台番号:2080 最小回転率:14.85 回転率:16.55 最大回転率:18.44 差玉:-10644 最小ボーダー差分:-1.85 ボーダー差分:-0.15 最大ボーダー差分:1.74 総回転数:1137
cleaned:   スタート    出玉  種別
0    98   410  大当
1   128  1400  確変
2   252   410  大当
3   191   420  大当
406 458 617 2640 617
406 514 561 2640 561
406 612 463 2640 463
日付:04/30 機種名:新世紀エヴァンゲリオン～未来への咆哮～ 台番号:2081 最小回転率:15.55 回転率:17.43 最大回転率:20.73 差玉:-4787 最小ボーダー差分:-2.25 ボーダー差分:-0.37 最大ボーダー差分:2.93 総回転数:1073
cleaned:   スタート    出玉  種別
0    51   430  大当
1    40  1390  確変
2    30  1400  確変
3   121  1400  確変
4    29  1400  確変
162 51 382 6020 382
162 51 382 6020 382
162 51 382 6020 382
日付:04/30 機種名:新世紀エヴァンゲリオン～未来への咆哮～ 台番号:2082 最小回転率:5.96 回転率:5.96 最大回転率:5.96 差玉:3841 最小ボーダー差分:-11.84 ボーダー差分:-11.84 最大ボーダー差分:-11.84 総回転数:426
cleaned:Empty DataFrame
Columns: [スタート, 出玉, 種別]
Index: []
日付:04/30 機種名:新世紀エヴァンゲリオン～未来への咆哮～ 台番号:2083 最小回転率:20.65 回転率:20.65 最大回転率:20.65 差玉:-1029 最小ボーダー差分:2.85 ボーダー差分:2.85 最大ボーダー差分:2.85 総回転数:85
cleaned:   スタート   出玉  種別
0     2  420  大当
201 40 163 420 163
201 68 135 420 135
201 103 100 420 100
日付:04/30 機種名:新世紀エヴァンゲリオン～未来への咆哮～ 台番号:2085 最小回転率:7.70 回転率:13.06 最大回転率:19.73 差玉:-895 最小ボーダー差分:-10.10 ボーダー差分:-4.74 最大ボーダー差分:1.93 総回転数:203
cleaned:Empty DataFrame
Columns: [スタート, 出玉, 種別]
Index: []
日付:04/30 機種名:新世紀エヴァンゲリオン～未来への咆哮～ 台番号:2087 最小回転率:20.98 回転率:20.98 最大回転率:20.98 差玉:-4218 最小ボーダー差分:3.18 ボーダー差分:3.18 最大ボーダー差分:3.18 総回転数:354
cleaned:   スタート   出玉  種別
0    14  420  大当
1   278  420  大当
161 129 324 840 324
161 183 270 840 270
161 253 200 840 200
日付:04/30 機種名:新世紀エヴァンゲリオン～未来への咆哮～ 台番号:2088 最小回転率:12.25 回転率:17.35 最大回転率:23.92 差玉:-1824 最小ボーダー差分:-5.55 ボーダー差分:-0.45 最大ボーダー差分:6.12 総回転数:453
cleaned:   スタート    出玉  種別
0     2   420  大当
1   115  1400  確変
2     6  1390  確変
217 56 284 3210 284
217 56 284 3210 284
217 71 269 3210 269
日付:04/30 機種名:新世紀エヴァンゲリオン～未来への咆哮～ 台番号:2100 最小回転率:8.61 回転率:8.61 最大回転率:10.91 差玉:1556 最小ボーダー差分:-9.19 ボーダー差分:-9.19 最大ボーダー差分:-6.89 総回転数:338
cleaned:Empty DataFrame
Columns: [スタート, 出玉, 種別]
Index: []
日付:04/30 機種名:新世紀エヴァンゲリオン～未来への咆哮～ 台番号:2101 最小回転率:14.63 回転率:14.63 最大回転率:14.63 差玉:-188 最小ボーダー差分:-3.17 ボーダー差分:-3.17 最大ボーダー差分:-3.17 総回転数:11
cleaned:   スタート   出玉  種別
0   429  430  大当
429 695 163 430 163
429 723 135 430 135
429 758 100 430 100
日付:04/30 機種名:新世紀エヴァンゲリオン～未来への咆哮～ 台番号:2102 最小回転率:31.78 回転率:33.04 最大回転率:34.62 差玉:-5054 最小ボーダー差分:13.98 ボーダー差分:15.24 最大ボーダー差分:16.82 総回転数:429
cleaned:    スタート    出玉  種別
0    394   410  大当
1     14  1390  確変
2     21  1400  確変
3     22  1400  確変
4      8  1400  確変
5    208   410  大当
6     19  1410  確変
7     60  1400  確変
8    100  1410  確変
9    154  1400  確変
10    92  1400  確変
11    32  1400  確変
12    26  1400  確変
13    44  1400  確変
14    17  1400  確変
15   187   410  大当
16   294   420  大当
30 594 1128 19860 1128
30 622 1100 19860 1100
30 657 1065 19860 1065
日付:04/30 機種名:新世紀エヴァンゲリオン～未来への咆哮～ 台番号:2103 最小回転率:12.16 回転率:12.73 最大回転率:13.44 差玉:7531 最小ボーダー差分:-5.64 ボーダー差分:-5.07 最大ボーダー差分:-4.36 総回転数:1694
cleaned:   スタート    出玉  種別
0   141   410  大当
1   219   420  大当
2   240   420  大当
3    16  1410  確変
4    88  1400  確変
5    42  1400  確変
165 276 635 5460 635
165 332 579 5460 579
165 402 509 5460 509
日付:04/30 機種名:新世紀エヴァンゲリオン～未来への咆哮～ 台番号:2106 最小回転率:12.44 回転率:14.95 最大回転率:18.08 差玉:-151 最小ボーダー差分:-5.36 ボーダー差分:-2.85 最大ボーダー差分:0.28 総回転数:905
cleaned:Empty DataFrame
Columns: [スタート, 出玉, 種別]
Index: []
日付:04/30 機種名:新世紀エヴァンゲリオン～未来への咆哮～ 台番号:2107 最小回転率:19.98 回転率:19.98 最大回転率:19.98 差玉:-1289 最小ボーダー差分:2.18 ボーダー差分:2.18 最大ボーダー差分:2.18 総回転数:103
cleaned:Empty DataFrame
Columns: [スタート, 出玉, 種別]
Index: []
日付:04/30 機種名:新世紀エヴァンゲリオン～未来への咆哮～ 台番号:2108 最小回転率:19.49 回転率:19.49 最大回転率:19.49 差玉:-3464 最小ボーダー差分:1.69 ボーダー差分:1.69 最大ボーダー差分:1.69 総回転数:270
cleaned:   スタート   出玉  種別
0   208  410  大当
289 334 163 410 163
289 362 135 410 135
289 397 100 410 100
日付:04/30 機種名:新世紀エヴァンゲリオン～未来への咆哮～ 台番号:2110 最小回転率:18.11 回転率:19.61 最大回転率:21.49 差玉:-4218 最小ボーダー差分:0.31 ボーダー差分:1.81 最大ボーダー差分:3.69 総回転数:497
cleaned:Empty DataFrame
Columns: [スタート, 出玉, 種別]
Index: []
日付:04/30 機種名:新世紀エヴァンゲリオン～未来への咆哮～ 台番号:2111 最小回転率:20.40 回転率:20.40 最大回転率:20.40 差玉:-1213 最小ボーダー差分:2.60 ボーダー差分:2.60 最大ボーダー差分:2.60 総回転数:99
cleaned:Empty DataFrame
Columns: [スタート, 出玉, 種別]
Index: []
日付:04/30 機種名:新世紀エヴァンゲリオン～未来への咆哮～ 台番号:2112 最小回転率:21.02 回転率:21.02 最大回転率:21.02 差玉:-5423 最小ボーダー差分:3.22 ボーダー差分:3.22 最大ボーダー差分:3.22 総回転数:456
cleaned:Empty DataFrame
Columns: [スタート, 出玉, 種別]
Index: []
日付:04/30 機種名:新世紀エヴァンゲリオン～未来への咆哮～ 台番号:2113 最小回転率:17.87 回転率:17.87 最大回転率:17.87 差玉:-11247 最小ボーダー差分:0.07 ボーダー差分:0.07 最大ボーダー差分:0.07 総回転数:804
cleaned:Empty DataFrame
Columns: [スタート, 出玉, 種別]
Index: []
日付:04/30 機種名:新世紀エヴァンゲリオン～未来への咆哮～ 台番号:2115 最小回転率:21.22 回転率:21.22 最大回転率:21.22 差玉:-707 最小ボーダー差分:3.42 ボーダー差分:3.42 最大ボーダー差分:3.42 総回転数:60
cleaned:   スタート    出玉  種別
0   660   420  大当
1    50  1390  確変
2    49  1390  確変
3    67  1390  確変
4    14  1390  確変
5     9  1400  確変
6    88  1400  確変
7    69  1400  確変
8    77  1410  確変
9     3  1390  確変
355 852 589 12980 589
355 852 589 12980 589
355 852 589 12980 589
日付:04/30 機種名:新世紀エヴァンゲリオン～未来への咆哮～ 台番号:2116 最小回転率:16.98 回転率:16.98 最大回転率:16.98 差玉:377 最小ボーダー差分:-0.82 ボーダー差分:-0.82 最大ボーダー差分:-0.82 総回転数:1422
cleaned:   スタート    出玉  種別
0   413   430  大当
1    55  1400  確変
2     6  1390  確変
3    56  1400  確変
349 599 280 4620 280
349 599 280 4620 280
349 599 280 4620 280
日付:04/30 機種名:新世紀エヴァンゲリオン～未来への咆哮～ 台番号:2117 最小回転率:16.81 回転率:16.81 最大回転率:16.81 差玉:-4318 最小ボーダー差分:-0.99 ボーダー差分:-0.99 最大ボーダー差分:-0.99 総回転数:874
cleaned:Empty DataFrame
Columns: [スタート, 出玉, 種別]
Index: []
日付:04/30 機種名:新世紀エヴァンゲリオン～未来への咆哮～ 台番号:2120 最小回転率:19.20 回転率:19.20 最大回転率:19.20 差玉:-8084 最小ボーダー差分:1.40 ボーダー差分:1.40 最大ボーダー差分:1.40 総回転数:621
cleaned:Empty DataFrame
Columns: [スタート, 出玉, 種別]
Index: []
日付:04/30 機種名:新世紀エヴァンゲリオン～未来への咆哮～ 台番号:2121 最小回転率:15.57 回転率:15.57 最大回転率:15.57 差玉:-594 最小ボーダー差分:-2.23 ボーダー差分:-2.23 最大ボーダー差分:-2.23 総回転数:37
cleaned:    スタート    出玉  種別
0    100  1400  大当
1     19  1400  確変
2     24  1400  確変
3     11  1390  確変
4     12  1400  確変
5    130  1410  確変
6     31  1390  確変
7      3  1400  確変
8    150  1400  確変
9     33  1400  確変
10     6  1400  確変
11    76  1400  確変
12    72  1400  確変
13    62  1400  確変
14    17  1390  確変
15   136  1400  確変
16     8  1400  確変
17   212   420  大当
18    23  1400  確変
0 149 976 25600 976
0 149 976 25600 976
0 149 976 25600 976
日付:04/30 機種名:新世紀エヴァンゲリオン～未来への咆哮～ 台番号:2123 最小回転率:4.70 回転率:4.70 最大回転率:4.70 差玉:17573 最小ボーダー差分:-13.10 ボーダー差分:-13.10 最大ボーダー差分:-13.10 総回転数:1091
cleaned:Empty DataFrame
Columns: [スタート, 出玉, 種別]
Index: []
日付:04/30 機種名:新世紀エヴァンゲリオン～未来への咆哮～ 台番号:2125 最小回転率:18.25 回転率:18.25 最大回転率:18.25 差玉:-1808 最小ボーダー差分:0.45 ボーダー差分:0.45 最大ボーダー差分:0.45 総回転数:132
cleaned:   スタート    出玉  種別
0   635   420  大当
1   118   420  大当
2    47  1400  確変
3   359   420  大当
131 831 459 2660 459
131 831 459 2660 459
131 880 410 2660 410
日付:04/30 機種名:新世紀エヴァンゲリオン～未来への咆哮～ 台番号:2126 最小回転率:18.80 回転率:18.80 最大回転率:19.90 差玉:-8435 最小ボーダー差分:1.00 ボーダー差分:1.00 最大ボーダー差分:2.10 総回転数:1290
cleaned:Empty DataFrame
Columns: [スタート, 出玉, 種別]
Index: []
日付:04/30 機種名:新世紀エヴァンゲリオン～未来への咆哮～ 台番号:2127 最小回転率:17.35 回転率:17.35 最大回転率:17.35 差玉:-1657 最小ボーダー差分:-0.45 ボーダー差分:-0.45 最大ボーダー差分:-0.45 総回転数:115
cleaned:   スタート    出玉  種別
0   293   420  大当
1   143  1400  確変
2    62  1400  確変
165 295 368 3220 368
165 303 360 3220 360
165 338 325 3220 325
日付:04/30 機種名:新世紀エヴァンゲリオン～未来への咆哮～ 台番号:2128 最小回転率:15.64 回転率:16.07 最大回転率:17.91 差玉:-1531 最小ボーダー差分:-2.16 ボーダー差分:-1.73 最大ボーダー差分:0.11 総回転数:660
cleaned:Empty DataFrame
Columns: [スタート, 出玉, 種別]
Index: []
日付:04/30 機種名:新世紀エヴァンゲリオン～未来への咆哮～ 台番号:2130 最小回転率:21.14 回転率:21.14 最大回転率:21.14 差玉:-615 最小ボーダー差分:3.34 ボーダー差分:3.34 最大ボーダー差分:3.34 総回転数:52
cleaned:   スタート    出玉  種別
0   112   430  大当
1   102  1400  確変
167 116 265 1830 265
167 116 265 1830 265
167 118 263 1830 263
日付:04/30 機種名:新世紀エヴァンゲリオン～未来への咆哮～ 台番号:2131 最小回転率:16.08 回転率:16.08 最大回転率:16.36 差玉:0 最小ボーダー差分:-1.72 ボーダー差分:-1.72 最大ボーダー差分:-1.44 総回転数:381
cleaned:Empty DataFrame
Columns: [スタート, 出玉, 種別]
Index: []
日付:04/30 機種名:新世紀エヴァンゲリオン～未来への咆哮～ 台番号:2132 最小回転率:19.20 回転率:19.20 最大回転率:19.20 差玉:-4218 最小ボーダー差分:1.40 ボーダー差分:1.40 最大ボーダー差分:1.40 総回転数:324
cleaned:Empty DataFrame
Columns: [スタート, 出玉, 種別]
Index: []
日付:04/30 機種名:新世紀エヴァンゲリオン～未来への咆哮～ 台番号:2133 最小回転率:19.23 回転率:19.23 最大回転率:19.23 差玉:-377 最小ボーダー差分:1.43 ボーダー差分:1.43 最大ボーダー差分:1.43 総回転数:29
cleaned:Empty DataFrame
Columns: [スタート, 出玉, 種別]
Index: []
日付:04/30 機種名:新世紀エヴァンゲリオン～未来への咆哮～ 台番号:2135 最小回転率:20.66 回転率:20.66 最大回転率:20.66 差玉:-1464 最小ボーダー差分:2.86 ボーダー差分:2.86 最大ボーダー差分:2.86 総回転数:121
cleaned:   スタート   出玉  種別
0    48  410  大当
143 48 143 410 143
143 56 135 410 135
143 91 100 410 100
日付:04/30 機種名:新世紀エヴァンゲリオン～未来への咆哮～ 台番号:2136 最小回転率:10.76 回転率:12.54 最大回転率:20.31 差玉:-720 最小ボーダー差分:-7.04 ボーダー差分:-5.26 最大ボーダー差分:2.51 総回転数:191
cleaned:   スタート    出玉  種別
0   195   430  大当
1    52  1400  確変
2     9  1390  確変
3    79  1410  確変
4     4  1400  確変
5    22  1400  確変
418 450 329 7430 329
418 450 329 7430 329
418 450 329 7430 329
日付:04/30 機種名:新世紀エヴァンゲリオン～未来への咆哮～ 台番号:2137 最小回転率:15.80 回転率:15.80 最大回転率:15.80 差玉:276 最小ボーダー差分:-2.00 ボーダー差分:-2.00 最大ボーダー差分:-2.00 総回転数:772
cleaned:    スタート    出玉  種別
0    105   430  大当
1    102  1400  確変
2     24  1400  確変
3     34  1390  確変
4     18  1390  確変
5     82  1390  確変
6     44  1400  確変
7     85  1390  確変
8     59  1390  確変
9     21  1410  確変
10    29  1400  確変
11   325   430  大当
22 267 683 14820 683
22 267 683 14820 683
22 269 681 14820 681
日付:04/30 機種名:新世紀エヴァンゲリオン～未来への咆哮～ 台番号:2150 最小回転率:9.92 回転率:9.92 最大回転率:10.00 差玉:8025 最小ボーダー差分:-7.88 ボーダー差分:-7.88 最大ボーダー差分:-7.80 総回転数:930
INFO:     127.0.0.1:65355 - "GET /cosmo_obu HTTP/1.1" 200 OK
INFO:     127.0.0.1:65355 - "GET /api/cosmo_obu/models HTTP/1.1" 200 OK
INFO:     127.0.0.1:65355 - "GET /api/cosmo_obu/status HTTP/1.1" 200 OK
INFO:     127.0.0.1:65355 - "GET /favicon.ico HTTP/1.1" 404 Not Found
INFO:     127.0.0.1:58297 - "GET /cosmo_obu HTTP/1.1" 200 OK
INFO:     127.0.0.1:58297 - "GET /api/cosmo_obu/models HTTP/1.1" 200 OK
INFO:     127.0.0.1:58297 - "GET /api/cosmo_obu/status HTTP/1.1" 200 OK
INFO:     127.0.0.1:50060 - "GET /cosmo_obu HTTP/1.1" 200 OK
INFO:     127.0.0.1:50060 - "GET /api/cosmo_obu/models HTTP/1.1" 200 OK
INFO:     127.0.0.1:50060 - "GET /api/cosmo_obu/status HTTP/1.1" 200 OK
INFO:     127.0.0.1:51817 - "GET /cosmo_obu/index.html HTTP/1.1" 404 Not Found
INFO:     127.0.0.1:64817 - "GET /cosmo_obu/index.html HTTP/1.1" 404 Not Found
INFO:     127.0.0.1:49309 - "GET /docs/cosmo_obu/index.html HTTP/1.1" 404 Not Found
